{"C:\\Users\\hello\\Desktop\\SwayamFolder\\WorkMaterial\\College\\Spring2025\\CSE115A\\EnrollSmart\\frontend\\src\\app\\layout.tsx": {"path":"C:\\Users\\hello\\Desktop\\SwayamFolder\\WorkMaterial\\College\\Spring2025\\CSE115A\\EnrollSmart\\frontend\\src\\app\\layout.tsx","all":true,"statementMap":{"1":{"start":{"line":2,"column":0},"end":{"line":2,"column":53}},"2":{"start":{"line":3,"column":0},"end":{"line":3,"column":23}},"5":{"start":{"line":6,"column":0},"end":{"line":6,"column":25}},"6":{"start":{"line":7,"column":0},"end":{"line":7,"column":32}},"7":{"start":{"line":8,"column":0},"end":{"line":8,"column":21}},"8":{"start":{"line":9,"column":0},"end":{"line":9,"column":3}},"10":{"start":{"line":11,"column":0},"end":{"line":11,"column":30}},"11":{"start":{"line":12,"column":0},"end":{"line":12,"column":32}},"12":{"start":{"line":13,"column":0},"end":{"line":13,"column":21}},"13":{"start":{"line":14,"column":0},"end":{"line":14,"column":3}},"15":{"start":{"line":16,"column":0},"end":{"line":16,"column":35}},"16":{"start":{"line":17,"column":0},"end":{"line":17,"column":23}},"17":{"start":{"line":18,"column":0},"end":{"line":18,"column":56}},"18":{"start":{"line":19,"column":0},"end":{"line":19,"column":2}},"20":{"start":{"line":21,"column":0},"end":{"line":21,"column":81}},"21":{"start":{"line":22,"column":0},"end":{"line":22,"column":10}},"22":{"start":{"line":23,"column":0},"end":{"line":23,"column":20}},"23":{"start":{"line":24,"column":0},"end":{"line":24,"column":82}},"25":{"start":{"line":26,"column":0},"end":{"line":26,"column":18}},"26":{"start":{"line":27,"column":0},"end":{"line":27,"column":13}},"27":{"start":{"line":28,"column":0},"end":{"line":28,"column":11}},"29":{"start":{"line":30,"column":0},"end":{"line":30,"column":1}}},"s":{"1":0,"2":0,"5":0,"6":0,"7":0,"8":0,"10":0,"11":0,"12":0,"13":0,"15":0,"16":0,"17":0,"18":0,"20":0,"21":0,"22":0,"23":0,"25":0,"26":0,"27":0,"29":0},"branchMap":{"0":{"type":"branch","line":1,"loc":{"start":{"line":1,"column":786},"end":{"line":30,"column":1}},"locations":[{"start":{"line":1,"column":786},"end":{"line":30,"column":1}}]}},"b":{"0":[1]},"fnMap":{"0":{"name":"(empty-report)","decl":{"start":{"line":1,"column":786},"end":{"line":30,"column":1}},"loc":{"start":{"line":1,"column":786},"end":{"line":30,"column":1}},"line":1}},"f":{"0":1}}
,"C:\\Users\\hello\\Desktop\\SwayamFolder\\WorkMaterial\\College\\Spring2025\\CSE115A\\EnrollSmart\\frontend\\src\\app\\page.tsx": {"path":"C:\\Users\\hello\\Desktop\\SwayamFolder\\WorkMaterial\\College\\Spring2025\\CSE115A\\EnrollSmart\\frontend\\src\\app\\page.tsx","all":false,"statementMap":{"2":{"start":{"line":3,"column":0},"end":{"line":3,"column":33}},"3":{"start":{"line":4,"column":0},"end":{"line":4,"column":34}},"4":{"start":{"line":5,"column":0},"end":{"line":5,"column":37}},"6":{"start":{"line":7,"column":0},"end":{"line":7,"column":39}},"9":{"start":{"line":10,"column":0},"end":{"line":10,"column":65}},"11":{"start":{"line":12,"column":0},"end":{"line":12,"column":10}},"12":{"start":{"line":13,"column":0},"end":{"line":13,"column":8}},"13":{"start":{"line":14,"column":0},"end":{"line":14,"column":101}},"14":{"start":{"line":15,"column":0},"end":{"line":15,"column":14}},"15":{"start":{"line":16,"column":0},"end":{"line":16,"column":51}},"16":{"start":{"line":17,"column":0},"end":{"line":17,"column":38}},"17":{"start":{"line":18,"column":0},"end":{"line":18,"column":32}},"18":{"start":{"line":19,"column":0},"end":{"line":19,"column":37}},"19":{"start":{"line":20,"column":0},"end":{"line":20,"column":8}},"21":{"start":{"line":22,"column":0},"end":{"line":22,"column":55}},"22":{"start":{"line":23,"column":0},"end":{"line":23,"column":103}},"23":{"start":{"line":24,"column":0},"end":{"line":24,"column":67}},"24":{"start":{"line":25,"column":0},"end":{"line":25,"column":15}},"25":{"start":{"line":26,"column":0},"end":{"line":26,"column":69}},"26":{"start":{"line":27,"column":0},"end":{"line":27,"column":22}},"27":{"start":{"line":28,"column":0},"end":{"line":28,"column":33}},"28":{"start":{"line":29,"column":0},"end":{"line":29,"column":34}},"29":{"start":{"line":30,"column":0},"end":{"line":30,"column":37}},"30":{"start":{"line":31,"column":0},"end":{"line":31,"column":16}},"31":{"start":{"line":32,"column":0},"end":{"line":32,"column":13}},"33":{"start":{"line":34,"column":0},"end":{"line":34,"column":17}},"34":{"start":{"line":35,"column":0},"end":{"line":35,"column":14}},"35":{"start":{"line":36,"column":0},"end":{"line":36,"column":62}},"36":{"start":{"line":37,"column":0},"end":{"line":37,"column":22}},"37":{"start":{"line":38,"column":0},"end":{"line":38,"column":33}},"38":{"start":{"line":39,"column":0},"end":{"line":39,"column":35}},"39":{"start":{"line":40,"column":0},"end":{"line":40,"column":40}},"40":{"start":{"line":41,"column":0},"end":{"line":41,"column":34}},"41":{"start":{"line":42,"column":0},"end":{"line":42,"column":16}},"42":{"start":{"line":43,"column":0},"end":{"line":43,"column":13}},"49":{"start":{"line":50,"column":0},"end":{"line":50,"column":16}},"50":{"start":{"line":51,"column":0},"end":{"line":51,"column":16}},"51":{"start":{"line":52,"column":0},"end":{"line":52,"column":43}},"52":{"start":{"line":53,"column":0},"end":{"line":53,"column":33}},"53":{"start":{"line":54,"column":0},"end":{"line":54,"column":64}},"55":{"start":{"line":56,"column":0},"end":{"line":56,"column":63}},"57":{"start":{"line":58,"column":0},"end":{"line":58,"column":16}},"58":{"start":{"line":59,"column":0},"end":{"line":59,"column":14}},"59":{"start":{"line":60,"column":0},"end":{"line":60,"column":14}},"60":{"start":{"line":61,"column":0},"end":{"line":61,"column":10}},"62":{"start":{"line":63,"column":0},"end":{"line":63,"column":1}}},"s":{"2":1,"3":1,"4":1,"6":5,"9":5,"11":5,"12":5,"13":5,"14":5,"15":5,"16":5,"17":5,"18":5,"19":5,"21":5,"22":5,"23":5,"24":5,"25":5,"26":5,"27":5,"28":5,"29":5,"30":5,"31":5,"33":5,"34":5,"35":5,"36":5,"37":5,"38":5,"39":5,"40":5,"41":5,"42":5,"49":5,"50":5,"51":5,"52":5,"53":1,"55":4,"57":5,"58":5,"59":5,"60":5,"62":5},"branchMap":{"0":{"type":"branch","line":7,"loc":{"start":{"line":7,"column":0},"end":{"line":63,"column":1}},"locations":[{"start":{"line":7,"column":0},"end":{"line":63,"column":1}}]},"1":{"type":"branch","line":53,"loc":{"start":{"line":53,"column":22},"end":{"line":54,"column":64}},"locations":[{"start":{"line":53,"column":22},"end":{"line":54,"column":64}}]},"2":{"type":"branch","line":54,"loc":{"start":{"line":54,"column":62},"end":{"line":56,"column":63}},"locations":[{"start":{"line":54,"column":62},"end":{"line":56,"column":63}}]},"3":{"type":"branch","line":56,"loc":{"start":{"line":56,"column":37},"end":{"line":56,"column":61}},"locations":[{"start":{"line":56,"column":37},"end":{"line":56,"column":61}}]}},"b":{"0":[5],"1":[1],"2":[4],"3":[1]},"fnMap":{"0":{"name":"LandingPage","decl":{"start":{"line":7,"column":0},"end":{"line":63,"column":1}},"loc":{"start":{"line":7,"column":0},"end":{"line":63,"column":1}},"line":7},"1":{"name":"switchToSignup","decl":{"start":{"line":54,"column":37},"end":{"line":54,"column":62}},"loc":{"start":{"line":54,"column":37},"end":{"line":54,"column":62}},"line":54},"2":{"name":"switchToLogin","decl":{"start":{"line":56,"column":37},"end":{"line":56,"column":61}},"loc":{"start":{"line":56,"column":37},"end":{"line":56,"column":61}},"line":56}},"f":{"0":5,"1":0,"2":1}}
,"C:\\Users\\hello\\Desktop\\SwayamFolder\\WorkMaterial\\College\\Spring2025\\CSE115A\\EnrollSmart\\frontend\\src\\app\\dashboard\\layout.tsx": {"path":"C:\\Users\\hello\\Desktop\\SwayamFolder\\WorkMaterial\\College\\Spring2025\\CSE115A\\EnrollSmart\\frontend\\src\\app\\dashboard\\layout.tsx","all":false,"statementMap":{"2":{"start":{"line":3,"column":0},"end":{"line":3,"column":41}},"3":{"start":{"line":4,"column":0},"end":{"line":4,"column":41}},"4":{"start":{"line":5,"column":0},"end":{"line":5,"column":44}},"5":{"start":{"line":6,"column":0},"end":{"line":6,"column":61}},"7":{"start":{"line":8,"column":0},"end":{"line":8,"column":41}},"8":{"start":{"line":9,"column":0},"end":{"line":9,"column":11}},"9":{"start":{"line":10,"column":0},"end":{"line":10,"column":4}},"11":{"start":{"line":12,"column":0},"end":{"line":12,"column":4}},"13":{"start":{"line":14,"column":0},"end":{"line":14,"column":29}},"15":{"start":{"line":16,"column":0},"end":{"line":16,"column":19}},"16":{"start":{"line":17,"column":0},"end":{"line":17,"column":28}},"18":{"start":{"line":19,"column":0},"end":{"line":19,"column":23}},"19":{"start":{"line":20,"column":0},"end":{"line":20,"column":12}},"21":{"start":{"line":22,"column":0},"end":{"line":22,"column":36}},"22":{"start":{"line":23,"column":0},"end":{"line":23,"column":48}},"23":{"start":{"line":24,"column":0},"end":{"line":24,"column":42}},"24":{"start":{"line":25,"column":0},"end":{"line":25,"column":117}},"25":{"start":{"line":26,"column":0},"end":{"line":26,"column":21}},"26":{"start":{"line":27,"column":0},"end":{"line":27,"column":16}},"27":{"start":{"line":28,"column":0},"end":{"line":28,"column":43}},"28":{"start":{"line":29,"column":0},"end":{"line":29,"column":43}},"29":{"start":{"line":30,"column":0},"end":{"line":30,"column":8}},"30":{"start":{"line":31,"column":0},"end":{"line":31,"column":6}},"31":{"start":{"line":32,"column":0},"end":{"line":32,"column":8}},"32":{"start":{"line":33,"column":0},"end":{"line":33,"column":5}},"33":{"start":{"line":34,"column":0},"end":{"line":34,"column":15}},"35":{"start":{"line":36,"column":0},"end":{"line":36,"column":31}},"36":{"start":{"line":37,"column":0},"end":{"line":37,"column":31}},"38":{"start":{"line":39,"column":0},"end":{"line":39,"column":42}},"39":{"start":{"line":40,"column":0},"end":{"line":40,"column":23}},"40":{"start":{"line":41,"column":0},"end":{"line":41,"column":7}},"41":{"start":{"line":42,"column":0},"end":{"line":42,"column":3}},"43":{"start":{"line":44,"column":0},"end":{"line":44,"column":10}},"44":{"start":{"line":45,"column":0},"end":{"line":45,"column":22}},"45":{"start":{"line":46,"column":0},"end":{"line":46,"column":41}},"46":{"start":{"line":47,"column":0},"end":{"line":47,"column":80}},"47":{"start":{"line":48,"column":0},"end":{"line":48,"column":54}},"48":{"start":{"line":49,"column":0},"end":{"line":49,"column":19}},"49":{"start":{"line":50,"column":0},"end":{"line":50,"column":55}},"50":{"start":{"line":51,"column":0},"end":{"line":51,"column":57}},"52":{"start":{"line":53,"column":0},"end":{"line":53,"column":13}},"54":{"start":{"line":55,"column":0},"end":{"line":55,"column":21}},"56":{"start":{"line":57,"column":0},"end":{"line":57,"column":19}},"57":{"start":{"line":58,"column":0},"end":{"line":58,"column":61}},"58":{"start":{"line":59,"column":0},"end":{"line":59,"column":55}},"60":{"start":{"line":61,"column":0},"end":{"line":61,"column":13}},"62":{"start":{"line":63,"column":0},"end":{"line":63,"column":21}},"64":{"start":{"line":65,"column":0},"end":{"line":65,"column":19}},"65":{"start":{"line":66,"column":0},"end":{"line":66,"column":61}},"66":{"start":{"line":67,"column":0},"end":{"line":67,"column":55}},"68":{"start":{"line":69,"column":0},"end":{"line":69,"column":13}},"70":{"start":{"line":71,"column":0},"end":{"line":71,"column":21}},"72":{"start":{"line":73,"column":0},"end":{"line":73,"column":19}},"73":{"start":{"line":74,"column":0},"end":{"line":74,"column":61}},"74":{"start":{"line":75,"column":0},"end":{"line":75,"column":55}},"76":{"start":{"line":77,"column":0},"end":{"line":77,"column":13}},"78":{"start":{"line":79,"column":0},"end":{"line":79,"column":21}},"80":{"start":{"line":81,"column":0},"end":{"line":81,"column":19}},"81":{"start":{"line":82,"column":0},"end":{"line":82,"column":30}},"82":{"start":{"line":83,"column":0},"end":{"line":83,"column":24}},"83":{"start":{"line":84,"column":0},"end":{"line":84,"column":16}},"84":{"start":{"line":85,"column":0},"end":{"line":85,"column":63}},"86":{"start":{"line":87,"column":0},"end":{"line":87,"column":13}},"88":{"start":{"line":89,"column":0},"end":{"line":89,"column":21}},"89":{"start":{"line":90,"column":0},"end":{"line":90,"column":16}},"90":{"start":{"line":91,"column":0},"end":{"line":91,"column":16}},"92":{"start":{"line":93,"column":0},"end":{"line":93,"column":53}},"93":{"start":{"line":94,"column":0},"end":{"line":94,"column":12}},"94":{"start":{"line":95,"column":0},"end":{"line":95,"column":23}},"97":{"start":{"line":98,"column":0},"end":{"line":98,"column":1}}},"s":{"2":1,"3":1,"4":1,"5":1,"7":1,"8":1,"9":1,"11":1,"13":1,"15":1,"16":1,"18":0,"19":1,"21":1,"22":1,"23":1,"24":1,"25":1,"26":1,"27":1,"28":1,"29":1,"30":1,"31":1,"32":1,"33":1,"35":1,"36":0,"38":0,"39":0,"40":0,"41":0,"43":1,"44":1,"45":1,"46":1,"47":1,"48":1,"49":1,"50":1,"52":1,"54":1,"56":1,"57":1,"58":1,"60":1,"62":1,"64":1,"65":1,"66":1,"68":1,"70":1,"72":1,"73":1,"74":1,"76":1,"78":1,"80":1,"81":1,"82":0,"83":0,"84":1,"86":1,"88":1,"89":1,"90":1,"92":1,"93":1,"94":1,"97":1},"branchMap":{"0":{"type":"branch","line":8,"loc":{"start":{"line":8,"column":0},"end":{"line":98,"column":1}},"locations":[{"start":{"line":8,"column":0},"end":{"line":98,"column":1}}]},"1":{"type":"branch","line":16,"loc":{"start":{"line":16,"column":12},"end":{"line":34,"column":5}},"locations":[{"start":{"line":16,"column":12},"end":{"line":34,"column":5}}]},"2":{"type":"branch","line":17,"loc":{"start":{"line":17,"column":27},"end":{"line":20,"column":11}},"locations":[{"start":{"line":17,"column":27},"end":{"line":20,"column":11}}]},"3":{"type":"branch","line":23,"loc":{"start":{"line":23,"column":30},"end":{"line":32,"column":7}},"locations":[{"start":{"line":23,"column":30},"end":{"line":32,"column":7}}]}},"b":{"0":[1],"1":[1],"2":[0],"3":[1]},"fnMap":{"0":{"name":"DashboardLayout","decl":{"start":{"line":8,"column":0},"end":{"line":98,"column":1}},"loc":{"start":{"line":8,"column":0},"end":{"line":98,"column":1}},"line":8},"1":{"name":"signOut","decl":{"start":{"line":36,"column":18},"end":{"line":42,"column":3}},"loc":{"start":{"line":36,"column":18},"end":{"line":42,"column":3}},"line":36},"2":{"name":"onClick","decl":{"start":{"line":50,"column":23},"end":{"line":50,"column":55}},"loc":{"start":{"line":50,"column":23},"end":{"line":50,"column":55}},"line":50},"3":{"name":"onClick","decl":{"start":{"line":58,"column":23},"end":{"line":58,"column":61}},"loc":{"start":{"line":58,"column":23},"end":{"line":58,"column":61}},"line":58},"4":{"name":"onClick","decl":{"start":{"line":66,"column":23},"end":{"line":66,"column":61}},"loc":{"start":{"line":66,"column":23},"end":{"line":66,"column":61}},"line":66},"5":{"name":"onClick","decl":{"start":{"line":74,"column":23},"end":{"line":74,"column":61}},"loc":{"start":{"line":74,"column":23},"end":{"line":74,"column":61}},"line":74},"6":{"name":"onClick","decl":{"start":{"line":82,"column":23},"end":{"line":84,"column":16}},"loc":{"start":{"line":82,"column":23},"end":{"line":84,"column":16}},"line":82}},"f":{"0":1,"1":0,"2":0,"3":0,"4":0,"5":0,"6":0}}
,"C:\\Users\\hello\\Desktop\\SwayamFolder\\WorkMaterial\\College\\Spring2025\\CSE115A\\EnrollSmart\\frontend\\src\\app\\dashboard\\page.tsx": {"path":"C:\\Users\\hello\\Desktop\\SwayamFolder\\WorkMaterial\\College\\Spring2025\\CSE115A\\EnrollSmart\\frontend\\src\\app\\dashboard\\page.tsx","all":true,"statementMap":{"1":{"start":{"line":2,"column":0},"end":{"line":2,"column":44}},"2":{"start":{"line":3,"column":0},"end":{"line":3,"column":34}},"4":{"start":{"line":5,"column":0},"end":{"line":5,"column":41}},"5":{"start":{"line":6,"column":0},"end":{"line":6,"column":29}},"6":{"start":{"line":7,"column":0},"end":{"line":7,"column":19}},"8":{"start":{"line":9,"column":0},"end":{"line":9,"column":36}},"9":{"start":{"line":10,"column":0},"end":{"line":10,"column":47}},"10":{"start":{"line":11,"column":0},"end":{"line":11,"column":15}},"12":{"start":{"line":13,"column":0},"end":{"line":13,"column":10}},"13":{"start":{"line":14,"column":0},"end":{"line":14,"column":48}},"14":{"start":{"line":15,"column":0},"end":{"line":15,"column":10}},"16":{"start":{"line":17,"column":0},"end":{"line":17,"column":1}}},"s":{"1":0,"2":0,"4":0,"5":0,"6":0,"8":0,"9":0,"10":0,"12":0,"13":0,"14":0,"16":0},"branchMap":{"0":{"type":"branch","line":1,"loc":{"start":{"line":1,"column":437},"end":{"line":17,"column":1}},"locations":[{"start":{"line":1,"column":437},"end":{"line":17,"column":1}}]}},"b":{"0":[1]},"fnMap":{"0":{"name":"(empty-report)","decl":{"start":{"line":1,"column":437},"end":{"line":17,"column":1}},"loc":{"start":{"line":1,"column":437},"end":{"line":17,"column":1}},"line":1}},"f":{"0":1}}
,"C:\\Users\\hello\\Desktop\\SwayamFolder\\WorkMaterial\\College\\Spring2025\\CSE115A\\EnrollSmart\\frontend\\src\\app\\dashboard\\tab-1\\page.tsx": {"path":"C:\\Users\\hello\\Desktop\\SwayamFolder\\WorkMaterial\\College\\Spring2025\\CSE115A\\EnrollSmart\\frontend\\src\\app\\dashboard\\tab-1\\page.tsx","all":false,"statementMap":{"2":{"start":{"line":3,"column":0},"end":{"line":3,"column":26}},"3":{"start":{"line":4,"column":0},"end":{"line":4,"column":48}},"5":{"start":{"line":6,"column":0},"end":{"line":6,"column":58}},"6":{"start":{"line":7,"column":0},"end":{"line":7,"column":62}},"7":{"start":{"line":8,"column":0},"end":{"line":8,"column":60}},"8":{"start":{"line":9,"column":0},"end":{"line":9,"column":55}},"9":{"start":{"line":10,"column":0},"end":{"line":10,"column":69}},"10":{"start":{"line":11,"column":0},"end":{"line":11,"column":59}},"13":{"start":{"line":14,"column":0},"end":{"line":14,"column":36}},"14":{"start":{"line":15,"column":0},"end":{"line":15,"column":40}},"15":{"start":{"line":16,"column":0},"end":{"line":16,"column":66}},"16":{"start":{"line":17,"column":0},"end":{"line":17,"column":66}},"17":{"start":{"line":18,"column":0},"end":{"line":18,"column":73}},"18":{"start":{"line":19,"column":0},"end":{"line":19,"column":64}},"19":{"start":{"line":20,"column":0},"end":{"line":20,"column":131}},"20":{"start":{"line":21,"column":0},"end":{"line":21,"column":56}},"21":{"start":{"line":22,"column":0},"end":{"line":22,"column":62}},"22":{"start":{"line":23,"column":0},"end":{"line":23,"column":52}},"24":{"start":{"line":25,"column":0},"end":{"line":25,"column":25}},"25":{"start":{"line":26,"column":0},"end":{"line":26,"column":25}},"28":{"start":{"line":29,"column":0},"end":{"line":29,"column":35}},"29":{"start":{"line":30,"column":0},"end":{"line":30,"column":72}},"30":{"start":{"line":31,"column":0},"end":{"line":31,"column":32}},"32":{"start":{"line":33,"column":0},"end":{"line":33,"column":30}},"34":{"start":{"line":35,"column":0},"end":{"line":35,"column":47}},"35":{"start":{"line":36,"column":0},"end":{"line":36,"column":22}},"36":{"start":{"line":37,"column":0},"end":{"line":37,"column":35}},"37":{"start":{"line":38,"column":0},"end":{"line":38,"column":43}},"38":{"start":{"line":39,"column":0},"end":{"line":39,"column":41}},"39":{"start":{"line":40,"column":0},"end":{"line":40,"column":22}},"40":{"start":{"line":41,"column":0},"end":{"line":41,"column":57}},"41":{"start":{"line":42,"column":0},"end":{"line":42,"column":58}},"42":{"start":{"line":43,"column":0},"end":{"line":43,"column":11}},"43":{"start":{"line":44,"column":0},"end":{"line":44,"column":8}},"44":{"start":{"line":45,"column":0},"end":{"line":45,"column":25}},"45":{"start":{"line":46,"column":0},"end":{"line":46,"column":9}},"46":{"start":{"line":47,"column":0},"end":{"line":47,"column":28}},"47":{"start":{"line":48,"column":0},"end":{"line":48,"column":5}},"49":{"start":{"line":50,"column":0},"end":{"line":50,"column":32}},"50":{"start":{"line":51,"column":0},"end":{"line":51,"column":44}},"51":{"start":{"line":52,"column":0},"end":{"line":52,"column":5}},"52":{"start":{"line":53,"column":0},"end":{"line":53,"column":30}},"53":{"start":{"line":54,"column":0},"end":{"line":54,"column":37}},"54":{"start":{"line":55,"column":0},"end":{"line":55,"column":21}},"55":{"start":{"line":56,"column":0},"end":{"line":56,"column":5}},"61":{"start":{"line":62,"column":0},"end":{"line":62,"column":14}},"62":{"start":{"line":63,"column":0},"end":{"line":63,"column":16}},"63":{"start":{"line":64,"column":0},"end":{"line":64,"column":19}},"65":{"start":{"line":66,"column":0},"end":{"line":66,"column":16}},"67":{"start":{"line":68,"column":0},"end":{"line":68,"column":44}},"68":{"start":{"line":69,"column":0},"end":{"line":69,"column":25}},"69":{"start":{"line":70,"column":0},"end":{"line":70,"column":24}},"70":{"start":{"line":71,"column":0},"end":{"line":71,"column":3}},"72":{"start":{"line":73,"column":0},"end":{"line":73,"column":10}},"73":{"start":{"line":74,"column":0},"end":{"line":74,"column":44}},"74":{"start":{"line":75,"column":0},"end":{"line":75,"column":45}},"75":{"start":{"line":76,"column":0},"end":{"line":76,"column":61}},"76":{"start":{"line":77,"column":0},"end":{"line":77,"column":15}},"78":{"start":{"line":79,"column":0},"end":{"line":79,"column":56}},"79":{"start":{"line":80,"column":0},"end":{"line":80,"column":27}},"80":{"start":{"line":81,"column":0},"end":{"line":81,"column":25}},"81":{"start":{"line":82,"column":0},"end":{"line":82,"column":29}},"82":{"start":{"line":83,"column":0},"end":{"line":83,"column":32}},"83":{"start":{"line":84,"column":0},"end":{"line":84,"column":10}},"85":{"start":{"line":86,"column":0},"end":{"line":86,"column":20}},"86":{"start":{"line":87,"column":0},"end":{"line":87,"column":23}},"87":{"start":{"line":88,"column":0},"end":{"line":88,"column":34}},"88":{"start":{"line":89,"column":0},"end":{"line":89,"column":28}},"89":{"start":{"line":90,"column":0},"end":{"line":90,"column":29}},"90":{"start":{"line":91,"column":0},"end":{"line":91,"column":33}},"91":{"start":{"line":92,"column":0},"end":{"line":92,"column":10}},"93":{"start":{"line":94,"column":0},"end":{"line":94,"column":22}},"94":{"start":{"line":95,"column":0},"end":{"line":95,"column":27}},"95":{"start":{"line":96,"column":0},"end":{"line":96,"column":28}},"96":{"start":{"line":97,"column":0},"end":{"line":97,"column":35}},"98":{"start":{"line":99,"column":0},"end":{"line":99,"column":36}},"99":{"start":{"line":100,"column":0},"end":{"line":100,"column":55}},"100":{"start":{"line":101,"column":0},"end":{"line":101,"column":31}},"101":{"start":{"line":102,"column":0},"end":{"line":102,"column":12}},"102":{"start":{"line":103,"column":0},"end":{"line":103,"column":27}},"103":{"start":{"line":104,"column":0},"end":{"line":104,"column":10}},"104":{"start":{"line":105,"column":0},"end":{"line":105,"column":13}},"105":{"start":{"line":106,"column":0},"end":{"line":106,"column":10}},"107":{"start":{"line":108,"column":0},"end":{"line":108,"column":1}}},"s":{"2":1,"3":1,"5":1,"6":1,"7":1,"8":1,"9":1,"10":1,"13":36,"14":36,"15":36,"16":36,"17":36,"18":36,"19":36,"20":36,"21":36,"22":36,"24":36,"25":15,"28":15,"29":15,"30":15,"32":15,"34":15,"35":6,"36":6,"37":6,"38":6,"39":6,"40":6,"41":6,"42":6,"43":6,"44":6,"45":15,"46":15,"47":15,"49":15,"50":15,"51":15,"52":15,"53":15,"54":15,"55":15,"61":15,"62":15,"63":15,"65":36,"67":36,"68":6,"69":6,"70":6,"72":36,"73":36,"74":36,"75":36,"76":36,"78":36,"79":36,"80":36,"81":36,"82":36,"83":36,"85":36,"86":36,"87":36,"88":36,"89":36,"90":36,"91":36,"93":36,"94":36,"95":36,"96":36,"98":36,"99":3,"100":3,"101":3,"102":36,"103":36,"104":36,"105":36,"107":36},"branchMap":{"0":{"type":"branch","line":14,"loc":{"start":{"line":14,"column":0},"end":{"line":108,"column":1}},"locations":[{"start":{"line":14,"column":0},"end":{"line":108,"column":1}}]},"1":{"type":"branch","line":25,"loc":{"start":{"line":25,"column":18},"end":{"line":66,"column":4}},"locations":[{"start":{"line":25,"column":18},"end":{"line":66,"column":4}}]},"2":{"type":"branch","line":29,"loc":{"start":{"line":29,"column":4},"end":{"line":48,"column":5}},"locations":[{"start":{"line":29,"column":4},"end":{"line":48,"column":5}}]},"3":{"type":"branch","line":35,"loc":{"start":{"line":35,"column":28},"end":{"line":46,"column":7}},"locations":[{"start":{"line":35,"column":28},"end":{"line":46,"column":7}}]},"4":{"type":"branch","line":41,"loc":{"start":{"line":41,"column":44},"end":{"line":41,"column":57}},"locations":[{"start":{"line":41,"column":44},"end":{"line":41,"column":57}}]},"5":{"type":"branch","line":42,"loc":{"start":{"line":42,"column":42},"end":{"line":42,"column":58}},"locations":[{"start":{"line":42,"column":42},"end":{"line":42,"column":58}}]},"6":{"type":"branch","line":50,"loc":{"start":{"line":50,"column":4},"end":{"line":52,"column":5}},"locations":[{"start":{"line":50,"column":4},"end":{"line":52,"column":5}}]},"7":{"type":"branch","line":53,"loc":{"start":{"line":53,"column":4},"end":{"line":56,"column":5}},"locations":[{"start":{"line":53,"column":4},"end":{"line":56,"column":5}}]},"8":{"type":"branch","line":68,"loc":{"start":{"line":68,"column":2},"end":{"line":71,"column":3}},"locations":[{"start":{"line":68,"column":2},"end":{"line":71,"column":3}}]},"9":{"type":"branch","line":99,"loc":{"start":{"line":99,"column":23},"end":{"line":102,"column":12}},"locations":[{"start":{"line":99,"column":23},"end":{"line":102,"column":12}}]}},"b":{"0":[36],"1":[15],"2":[15],"3":[6],"4":[0],"5":[0],"6":[15],"7":[15],"8":[6],"9":[3]},"fnMap":{"0":{"name":"Tab1Page","decl":{"start":{"line":14,"column":0},"end":{"line":108,"column":1}},"loc":{"start":{"line":14,"column":0},"end":{"line":108,"column":1}},"line":14},"1":{"name":"fetchDetails","decl":{"start":{"line":29,"column":4},"end":{"line":48,"column":5}},"loc":{"start":{"line":29,"column":4},"end":{"line":48,"column":5}},"line":29},"2":{"name":"getPinned","decl":{"start":{"line":50,"column":4},"end":{"line":52,"column":5}},"loc":{"start":{"line":50,"column":4},"end":{"line":52,"column":5}},"line":50},"3":{"name":"courses","decl":{"start":{"line":53,"column":4},"end":{"line":56,"column":5}},"loc":{"start":{"line":53,"column":4},"end":{"line":56,"column":5}},"line":53},"4":{"name":"handleSelect","decl":{"start":{"line":68,"column":2},"end":{"line":71,"column":3}},"loc":{"start":{"line":68,"column":2},"end":{"line":71,"column":3}},"line":68},"5":{"name":"onTogglePin","decl":{"start":{"line":99,"column":23},"end":{"line":102,"column":12}},"loc":{"start":{"line":99,"column":23},"end":{"line":102,"column":12}},"line":99}},"f":{"0":36,"1":15,"2":15,"3":15,"4":6,"5":3}}
,"C:\\Users\\hello\\Desktop\\SwayamFolder\\WorkMaterial\\College\\Spring2025\\CSE115A\\EnrollSmart\\frontend\\src\\app\\dashboard\\tab-1\\components\\CourseDetails.tsx": {"path":"C:\\Users\\hello\\Desktop\\SwayamFolder\\WorkMaterial\\College\\Spring2025\\CSE115A\\EnrollSmart\\frontend\\src\\app\\dashboard\\tab-1\\components\\CourseDetails.tsx","all":false,"statementMap":{"2":{"start":{"line":3,"column":0},"end":{"line":3,"column":26}},"4":{"start":{"line":5,"column":0},"end":{"line":5,"column":44}},"6":{"start":{"line":7,"column":0},"end":{"line":7,"column":77}},"7":{"start":{"line":8,"column":0},"end":{"line":8,"column":61}},"8":{"start":{"line":9,"column":0},"end":{"line":9,"column":39}},"10":{"start":{"line":11,"column":0},"end":{"line":11,"column":28}},"11":{"start":{"line":12,"column":0},"end":{"line":12,"column":34}},"12":{"start":{"line":13,"column":0},"end":{"line":13,"column":27}},"13":{"start":{"line":14,"column":0},"end":{"line":14,"column":90}},"15":{"start":{"line":16,"column":0},"end":{"line":16,"column":28}},"16":{"start":{"line":17,"column":0},"end":{"line":17,"column":29}},"26":{"start":{"line":27,"column":0},"end":{"line":27,"column":46}},"27":{"start":{"line":28,"column":0},"end":{"line":28,"column":18}},"28":{"start":{"line":29,"column":0},"end":{"line":29,"column":19}},"29":{"start":{"line":30,"column":0},"end":{"line":30,"column":20}},"30":{"start":{"line":31,"column":0},"end":{"line":31,"column":2}},"33":{"start":{"line":34,"column":0},"end":{"line":34,"column":31}},"34":{"start":{"line":35,"column":0},"end":{"line":35,"column":9}},"35":{"start":{"line":36,"column":0},"end":{"line":36,"column":11}},"37":{"start":{"line":38,"column":0},"end":{"line":38,"column":14}},"38":{"start":{"line":39,"column":0},"end":{"line":39,"column":14}},"39":{"start":{"line":40,"column":0},"end":{"line":40,"column":9}},"40":{"start":{"line":41,"column":0},"end":{"line":41,"column":11}},"41":{"start":{"line":42,"column":0},"end":{"line":42,"column":72}},"42":{"start":{"line":43,"column":0},"end":{"line":43,"column":86}},"44":{"start":{"line":45,"column":0},"end":{"line":45,"column":66}},"45":{"start":{"line":46,"column":0},"end":{"line":46,"column":52}},"46":{"start":{"line":47,"column":0},"end":{"line":47,"column":115}},"47":{"start":{"line":48,"column":0},"end":{"line":48,"column":56}},"48":{"start":{"line":49,"column":0},"end":{"line":49,"column":30}},"49":{"start":{"line":50,"column":0},"end":{"line":50,"column":26}},"50":{"start":{"line":51,"column":0},"end":{"line":51,"column":44}},"51":{"start":{"line":52,"column":0},"end":{"line":52,"column":24}},"52":{"start":{"line":53,"column":0},"end":{"line":53,"column":5}},"54":{"start":{"line":55,"column":0},"end":{"line":55,"column":25}},"55":{"start":{"line":56,"column":0},"end":{"line":56,"column":17}},"56":{"start":{"line":57,"column":0},"end":{"line":57,"column":24}},"58":{"start":{"line":59,"column":0},"end":{"line":59,"column":41}},"59":{"start":{"line":60,"column":0},"end":{"line":60,"column":26}},"60":{"start":{"line":61,"column":0},"end":{"line":61,"column":40}},"61":{"start":{"line":62,"column":0},"end":{"line":62,"column":28}},"62":{"start":{"line":63,"column":0},"end":{"line":63,"column":40}},"63":{"start":{"line":64,"column":0},"end":{"line":64,"column":35}},"64":{"start":{"line":65,"column":0},"end":{"line":65,"column":26}},"65":{"start":{"line":66,"column":0},"end":{"line":66,"column":5}},"67":{"start":{"line":68,"column":0},"end":{"line":68,"column":31}},"68":{"start":{"line":69,"column":0},"end":{"line":69,"column":26}},"69":{"start":{"line":70,"column":0},"end":{"line":70,"column":31}},"70":{"start":{"line":71,"column":0},"end":{"line":71,"column":59}},"71":{"start":{"line":72,"column":0},"end":{"line":72,"column":19}},"72":{"start":{"line":73,"column":0},"end":{"line":73,"column":5}},"77":{"start":{"line":78,"column":0},"end":{"line":78,"column":18}},"78":{"start":{"line":79,"column":0},"end":{"line":79,"column":25}},"79":{"start":{"line":80,"column":0},"end":{"line":80,"column":15}},"80":{"start":{"line":81,"column":0},"end":{"line":81,"column":20}},"82":{"start":{"line":83,"column":0},"end":{"line":83,"column":28}},"84":{"start":{"line":85,"column":0},"end":{"line":85,"column":35}},"85":{"start":{"line":86,"column":0},"end":{"line":86,"column":26}},"86":{"start":{"line":87,"column":0},"end":{"line":87,"column":45}},"87":{"start":{"line":88,"column":0},"end":{"line":88,"column":90}},"88":{"start":{"line":89,"column":0},"end":{"line":89,"column":76}},"89":{"start":{"line":90,"column":0},"end":{"line":90,"column":8}},"90":{"start":{"line":91,"column":0},"end":{"line":91,"column":30}},"91":{"start":{"line":92,"column":0},"end":{"line":92,"column":5}},"93":{"start":{"line":94,"column":0},"end":{"line":94,"column":53}},"94":{"start":{"line":95,"column":0},"end":{"line":95,"column":24}},"95":{"start":{"line":96,"column":0},"end":{"line":96,"column":19}},"96":{"start":{"line":97,"column":0},"end":{"line":97,"column":40}},"97":{"start":{"line":98,"column":0},"end":{"line":98,"column":29}},"98":{"start":{"line":99,"column":0},"end":{"line":99,"column":12}},"99":{"start":{"line":100,"column":0},"end":{"line":100,"column":44}},"100":{"start":{"line":101,"column":0},"end":{"line":101,"column":29}},"101":{"start":{"line":102,"column":0},"end":{"line":102,"column":5}},"102":{"start":{"line":103,"column":0},"end":{"line":103,"column":3}},"104":{"start":{"line":105,"column":0},"end":{"line":105,"column":41}},"105":{"start":{"line":106,"column":0},"end":{"line":106,"column":28}},"106":{"start":{"line":107,"column":0},"end":{"line":107,"column":24}},"107":{"start":{"line":108,"column":0},"end":{"line":108,"column":18}},"108":{"start":{"line":109,"column":0},"end":{"line":109,"column":3}},"110":{"start":{"line":111,"column":0},"end":{"line":111,"column":43}},"111":{"start":{"line":112,"column":0},"end":{"line":112,"column":30}},"112":{"start":{"line":113,"column":0},"end":{"line":113,"column":24}},"113":{"start":{"line":114,"column":0},"end":{"line":114,"column":18}},"114":{"start":{"line":115,"column":0},"end":{"line":115,"column":3}},"116":{"start":{"line":117,"column":0},"end":{"line":117,"column":10}},"117":{"start":{"line":118,"column":0},"end":{"line":118,"column":80}},"118":{"start":{"line":119,"column":0},"end":{"line":119,"column":28}},"119":{"start":{"line":120,"column":0},"end":{"line":120,"column":47}},"120":{"start":{"line":121,"column":0},"end":{"line":121,"column":64}},"121":{"start":{"line":122,"column":0},"end":{"line":122,"column":13}},"122":{"start":{"line":123,"column":0},"end":{"line":123,"column":28}},"123":{"start":{"line":124,"column":0},"end":{"line":124,"column":65}},"124":{"start":{"line":125,"column":0},"end":{"line":125,"column":12}},"125":{"start":{"line":126,"column":0},"end":{"line":126,"column":28}},"126":{"start":{"line":127,"column":0},"end":{"line":127,"column":57}},"127":{"start":{"line":128,"column":0},"end":{"line":128,"column":12}},"128":{"start":{"line":129,"column":0},"end":{"line":129,"column":34}},"129":{"start":{"line":130,"column":0},"end":{"line":130,"column":28}},"130":{"start":{"line":131,"column":0},"end":{"line":131,"column":69}},"131":{"start":{"line":132,"column":0},"end":{"line":132,"column":12}},"132":{"start":{"line":133,"column":0},"end":{"line":133,"column":12}},"134":{"start":{"line":135,"column":0},"end":{"line":135,"column":41}},"135":{"start":{"line":136,"column":0},"end":{"line":136,"column":33}},"136":{"start":{"line":137,"column":0},"end":{"line":137,"column":38}},"137":{"start":{"line":138,"column":0},"end":{"line":138,"column":69}},"138":{"start":{"line":139,"column":0},"end":{"line":139,"column":31}},"140":{"start":{"line":141,"column":0},"end":{"line":141,"column":15}},"141":{"start":{"line":142,"column":0},"end":{"line":142,"column":15}},"142":{"start":{"line":143,"column":0},"end":{"line":143,"column":78}},"143":{"start":{"line":144,"column":0},"end":{"line":144,"column":34}},"144":{"start":{"line":145,"column":0},"end":{"line":145,"column":26}},"145":{"start":{"line":146,"column":0},"end":{"line":146,"column":57}},"146":{"start":{"line":147,"column":0},"end":{"line":147,"column":18}},"147":{"start":{"line":148,"column":0},"end":{"line":148,"column":87}},"148":{"start":{"line":149,"column":0},"end":{"line":149,"column":64}},"149":{"start":{"line":150,"column":0},"end":{"line":150,"column":47}},"150":{"start":{"line":151,"column":0},"end":{"line":151,"column":63}},"151":{"start":{"line":152,"column":0},"end":{"line":152,"column":19}},"153":{"start":{"line":154,"column":0},"end":{"line":154,"column":7}},"154":{"start":{"line":155,"column":0},"end":{"line":155,"column":39}},"155":{"start":{"line":156,"column":0},"end":{"line":156,"column":14}},"156":{"start":{"line":157,"column":0},"end":{"line":157,"column":76}},"157":{"start":{"line":158,"column":0},"end":{"line":158,"column":112}},"158":{"start":{"line":159,"column":0},"end":{"line":159,"column":43}},"159":{"start":{"line":160,"column":0},"end":{"line":160,"column":78}},"160":{"start":{"line":161,"column":0},"end":{"line":161,"column":16}},"161":{"start":{"line":162,"column":0},"end":{"line":162,"column":103}},"162":{"start":{"line":163,"column":0},"end":{"line":163,"column":14}},"164":{"start":{"line":165,"column":0},"end":{"line":165,"column":42}},"165":{"start":{"line":166,"column":0},"end":{"line":166,"column":15}},"166":{"start":{"line":167,"column":0},"end":{"line":167,"column":68}},"167":{"start":{"line":168,"column":0},"end":{"line":168,"column":60}},"168":{"start":{"line":169,"column":0},"end":{"line":169,"column":66}},"170":{"start":{"line":171,"column":0},"end":{"line":171,"column":50}},"171":{"start":{"line":172,"column":0},"end":{"line":172,"column":17}},"172":{"start":{"line":173,"column":0},"end":{"line":173,"column":16}},"173":{"start":{"line":174,"column":0},"end":{"line":174,"column":26}},"174":{"start":{"line":175,"column":0},"end":{"line":175,"column":36}},"175":{"start":{"line":176,"column":0},"end":{"line":176,"column":12}},"176":{"start":{"line":177,"column":0},"end":{"line":177,"column":60}},"177":{"start":{"line":178,"column":0},"end":{"line":178,"column":66}},"179":{"start":{"line":180,"column":0},"end":{"line":180,"column":67}},"180":{"start":{"line":181,"column":0},"end":{"line":181,"column":17}},"181":{"start":{"line":182,"column":0},"end":{"line":182,"column":12}},"182":{"start":{"line":183,"column":0},"end":{"line":183,"column":10}},"184":{"start":{"line":185,"column":0},"end":{"line":185,"column":1}}},"s":{"2":1,"4":1,"6":1,"7":1,"8":1,"10":1,"11":1,"12":1,"13":1,"15":1,"16":1,"26":1,"27":1,"28":1,"29":1,"30":1,"33":1,"34":31,"35":31,"37":31,"38":31,"39":31,"40":31,"41":31,"42":13,"44":13,"45":13,"46":13,"47":13,"48":14,"49":14,"50":14,"51":14,"52":14,"54":13,"55":11,"56":11,"58":11,"59":11,"60":11,"61":11,"62":11,"63":11,"64":11,"65":11,"67":11,"68":11,"69":11,"70":5,"71":5,"72":11,"77":11,"78":11,"79":11,"80":11,"82":13,"84":13,"85":14,"86":14,"87":14,"88":2,"89":14,"90":14,"91":14,"93":13,"94":3,"95":3,"96":1,"97":1,"98":3,"99":2,"100":2,"101":2,"102":3,"104":13,"105":3,"106":2,"107":2,"108":3,"110":13,"111":1,"112":1,"113":1,"114":1,"116":13,"117":13,"118":13,"119":13,"120":13,"121":13,"122":13,"123":31,"124":31,"125":31,"126":31,"127":31,"128":31,"129":31,"130":31,"131":31,"132":31,"134":31,"135":31,"136":0,"137":0,"138":0,"140":0,"141":0,"142":31,"143":31,"144":0,"145":0,"146":0,"147":0,"148":0,"149":0,"150":0,"151":0,"153":0,"154":0,"155":0,"156":0,"157":0,"158":0,"159":0,"160":0,"161":31,"162":31,"164":31,"165":31,"166":31,"167":31,"168":31,"170":31,"171":31,"172":31,"173":31,"174":3,"175":3,"176":31,"177":31,"179":31,"180":31,"181":31,"182":31,"184":31},"branchMap":{"0":{"type":"branch","line":34,"loc":{"start":{"line":34,"column":7},"end":{"line":185,"column":1}},"locations":[{"start":{"line":34,"column":7},"end":{"line":185,"column":1}}]},"1":{"type":"branch","line":42,"loc":{"start":{"line":42,"column":15},"end":{"line":42,"column":72}},"locations":[{"start":{"line":42,"column":15},"end":{"line":42,"column":72}}]},"2":{"type":"branch","line":42,"loc":{"start":{"line":42,"column":67},"end":{"line":124,"column":53}},"locations":[{"start":{"line":42,"column":67},"end":{"line":124,"column":53}}]},"3":{"type":"branch","line":124,"loc":{"start":{"line":124,"column":41},"end":{"line":124,"column":65}},"locations":[{"start":{"line":124,"column":41},"end":{"line":124,"column":65}}]},"4":{"type":"branch","line":127,"loc":{"start":{"line":127,"column":37},"end":{"line":127,"column":57}},"locations":[{"start":{"line":127,"column":37},"end":{"line":127,"column":57}}]},"5":{"type":"branch","line":131,"loc":{"start":{"line":131,"column":43},"end":{"line":131,"column":69}},"locations":[{"start":{"line":131,"column":43},"end":{"line":131,"column":69}}]},"6":{"type":"branch","line":136,"loc":{"start":{"line":136,"column":7},"end":{"line":136,"column":33}},"locations":[{"start":{"line":136,"column":7},"end":{"line":136,"column":33}}]},"7":{"type":"branch","line":136,"loc":{"start":{"line":136,"column":27},"end":{"line":142,"column":15}},"locations":[{"start":{"line":136,"column":27},"end":{"line":142,"column":15}}]},"8":{"type":"branch","line":144,"loc":{"start":{"line":144,"column":9},"end":{"line":144,"column":34}},"locations":[{"start":{"line":144,"column":9},"end":{"line":144,"column":34}}]},"9":{"type":"branch","line":144,"loc":{"start":{"line":144,"column":29},"end":{"line":162,"column":12}},"locations":[{"start":{"line":144,"column":29},"end":{"line":162,"column":12}}]},"10":{"type":"branch","line":162,"loc":{"start":{"line":162,"column":7},"end":{"line":162,"column":103}},"locations":[{"start":{"line":162,"column":7},"end":{"line":162,"column":103}}]},"11":{"type":"branch","line":162,"loc":{"start":{"line":162,"column":12},"end":{"line":162,"column":27}},"locations":[{"start":{"line":162,"column":12},"end":{"line":162,"column":27}}]},"12":{"type":"branch","line":162,"loc":{"start":{"line":162,"column":27},"end":{"line":162,"column":39}},"locations":[{"start":{"line":162,"column":27},"end":{"line":162,"column":39}}]},"13":{"type":"branch","line":167,"loc":{"start":{"line":167,"column":19},"end":{"line":167,"column":50}},"locations":[{"start":{"line":167,"column":19},"end":{"line":167,"column":50}}]},"14":{"type":"branch","line":167,"loc":{"start":{"line":167,"column":46},"end":{"line":167,"column":68}},"locations":[{"start":{"line":167,"column":46},"end":{"line":167,"column":68}}]},"15":{"type":"branch","line":171,"loc":{"start":{"line":171,"column":11},"end":{"line":171,"column":37}},"locations":[{"start":{"line":171,"column":11},"end":{"line":171,"column":37}}]},"16":{"type":"branch","line":171,"loc":{"start":{"line":171,"column":20},"end":{"line":171,"column":50}},"locations":[{"start":{"line":171,"column":20},"end":{"line":171,"column":50}}]},"17":{"type":"branch","line":180,"loc":{"start":{"line":180,"column":11},"end":{"line":180,"column":48}},"locations":[{"start":{"line":180,"column":11},"end":{"line":180,"column":48}}]},"18":{"type":"branch","line":180,"loc":{"start":{"line":180,"column":22},"end":{"line":180,"column":67}},"locations":[{"start":{"line":180,"column":22},"end":{"line":180,"column":67}}]},"19":{"type":"branch","line":49,"loc":{"start":{"line":49,"column":0},"end":{"line":53,"column":5}},"locations":[{"start":{"line":49,"column":0},"end":{"line":53,"column":5}}]},"20":{"type":"branch","line":50,"loc":{"start":{"line":50,"column":19},"end":{"line":50,"column":26}},"locations":[{"start":{"line":50,"column":19},"end":{"line":50,"column":26}}]},"21":{"type":"branch","line":55,"loc":{"start":{"line":55,"column":18},"end":{"line":83,"column":5}},"locations":[{"start":{"line":55,"column":18},"end":{"line":83,"column":5}}]},"22":{"type":"branch","line":59,"loc":{"start":{"line":59,"column":4},"end":{"line":66,"column":5}},"locations":[{"start":{"line":59,"column":4},"end":{"line":66,"column":5}}]},"23":{"type":"branch","line":60,"loc":{"start":{"line":60,"column":19},"end":{"line":60,"column":26}},"locations":[{"start":{"line":60,"column":19},"end":{"line":60,"column":26}}]},"24":{"type":"branch","line":68,"loc":{"start":{"line":68,"column":4},"end":{"line":73,"column":5}},"locations":[{"start":{"line":68,"column":4},"end":{"line":73,"column":5}}]},"25":{"type":"branch","line":69,"loc":{"start":{"line":69,"column":19},"end":{"line":69,"column":26}},"locations":[{"start":{"line":69,"column":19},"end":{"line":69,"column":26}}]},"26":{"type":"branch","line":70,"loc":{"start":{"line":70,"column":24},"end":{"line":70,"column":31}},"locations":[{"start":{"line":70,"column":24},"end":{"line":70,"column":31}}]},"27":{"type":"branch","line":70,"loc":{"start":{"line":70,"column":24},"end":{"line":72,"column":19}},"locations":[{"start":{"line":70,"column":24},"end":{"line":72,"column":19}}]},"28":{"type":"branch","line":85,"loc":{"start":{"line":85,"column":2},"end":{"line":92,"column":5}},"locations":[{"start":{"line":85,"column":2},"end":{"line":92,"column":5}}]},"29":{"type":"branch","line":86,"loc":{"start":{"line":86,"column":19},"end":{"line":86,"column":26}},"locations":[{"start":{"line":86,"column":19},"end":{"line":86,"column":26}}]},"30":{"type":"branch","line":88,"loc":{"start":{"line":88,"column":40},"end":{"line":89,"column":76}},"locations":[{"start":{"line":88,"column":40},"end":{"line":89,"column":76}}]},"31":{"type":"branch","line":94,"loc":{"start":{"line":94,"column":2},"end":{"line":103,"column":3}},"locations":[{"start":{"line":94,"column":2},"end":{"line":103,"column":3}}]},"32":{"type":"branch","line":95,"loc":{"start":{"line":95,"column":17},"end":{"line":95,"column":24}},"locations":[{"start":{"line":95,"column":17},"end":{"line":95,"column":24}}]},"33":{"type":"branch","line":96,"loc":{"start":{"line":96,"column":18},"end":{"line":99,"column":11}},"locations":[{"start":{"line":96,"column":18},"end":{"line":99,"column":11}}]},"34":{"type":"branch","line":99,"loc":{"start":{"line":99,"column":4},"end":{"line":102,"column":5}},"locations":[{"start":{"line":99,"column":4},"end":{"line":102,"column":5}}]},"35":{"type":"branch","line":105,"loc":{"start":{"line":105,"column":2},"end":{"line":109,"column":3}},"locations":[{"start":{"line":105,"column":2},"end":{"line":109,"column":3}}]},"36":{"type":"branch","line":106,"loc":{"start":{"line":106,"column":26},"end":{"line":108,"column":18}},"locations":[{"start":{"line":106,"column":26},"end":{"line":108,"column":18}}]},"37":{"type":"branch","line":111,"loc":{"start":{"line":111,"column":2},"end":{"line":115,"column":3}},"locations":[{"start":{"line":111,"column":2},"end":{"line":115,"column":3}}]},"38":{"type":"branch","line":167,"loc":{"start":{"line":167,"column":28},"end":{"line":167,"column":50}},"locations":[{"start":{"line":167,"column":28},"end":{"line":167,"column":50}}]},"39":{"type":"branch","line":167,"loc":{"start":{"line":167,"column":50},"end":{"line":167,"column":68}},"locations":[{"start":{"line":167,"column":50},"end":{"line":167,"column":68}}]},"40":{"type":"branch","line":174,"loc":{"start":{"line":174,"column":19},"end":{"line":176,"column":12}},"locations":[{"start":{"line":174,"column":19},"end":{"line":176,"column":12}}]}},"b":{"0":[31],"1":[18],"2":[13],"3":[5],"4":[5],"5":[5],"6":[0],"7":[0],"8":[0],"9":[0],"10":[13],"11":[0],"12":[0],"13":[2],"14":[11],"15":[2],"16":[11],"17":[1],"18":[12],"19":[14],"20":[0],"21":[11],"22":[11],"23":[0],"24":[11],"25":[0],"26":[6],"27":[5],"28":[14],"29":[0],"30":[2],"31":[3],"32":[0],"33":[1],"34":[2],"35":[3],"36":[2],"37":[1],"38":[1],"39":[3],"40":[3]},"fnMap":{"0":{"name":"CourseDetails","decl":{"start":{"line":34,"column":7},"end":{"line":185,"column":1}},"loc":{"start":{"line":34,"column":7},"end":{"line":185,"column":1}},"line":34},"1":{"name":"checkPinned","decl":{"start":{"line":49,"column":0},"end":{"line":53,"column":5}},"loc":{"start":{"line":49,"column":0},"end":{"line":53,"column":5}},"line":49},"2":{"name":"fetchCourseDetails","decl":{"start":{"line":59,"column":4},"end":{"line":66,"column":5}},"loc":{"start":{"line":59,"column":4},"end":{"line":66,"column":5}},"line":59},"3":{"name":"fetchRMP","decl":{"start":{"line":68,"column":4},"end":{"line":73,"column":5}},"loc":{"start":{"line":68,"column":4},"end":{"line":73,"column":5}},"line":68},"4":{"name":"fetchWatchlist","decl":{"start":{"line":85,"column":2},"end":{"line":92,"column":5}},"loc":{"start":{"line":85,"column":2},"end":{"line":92,"column":5}},"line":85},"5":{"name":"handleWatchlist","decl":{"start":{"line":94,"column":2},"end":{"line":103,"column":3}},"loc":{"start":{"line":94,"column":2},"end":{"line":103,"column":3}},"line":94},"6":{"name":"pin","decl":{"start":{"line":105,"column":2},"end":{"line":109,"column":3}},"loc":{"start":{"line":105,"column":2},"end":{"line":109,"column":3}},"line":105},"7":{"name":"unpin","decl":{"start":{"line":111,"column":2},"end":{"line":115,"column":3}},"loc":{"start":{"line":111,"column":2},"end":{"line":115,"column":3}},"line":111},"8":{"name":"CourseDetails.children.children.onClick","decl":{"start":{"line":167,"column":50},"end":{"line":167,"column":68}},"loc":{"start":{"line":167,"column":50},"end":{"line":167,"column":68}},"line":167},"9":{"name":"onClick","decl":{"start":{"line":174,"column":19},"end":{"line":176,"column":12}},"loc":{"start":{"line":174,"column":19},"end":{"line":176,"column":12}},"line":174}},"f":{"0":31,"1":14,"2":11,"3":11,"4":14,"5":3,"6":3,"7":1,"8":3,"9":3}}
,"C:\\Users\\hello\\Desktop\\SwayamFolder\\WorkMaterial\\College\\Spring2025\\CSE115A\\EnrollSmart\\frontend\\src\\app\\dashboard\\tab-1\\components\\CourseTable.tsx": {"path":"C:\\Users\\hello\\Desktop\\SwayamFolder\\WorkMaterial\\College\\Spring2025\\CSE115A\\EnrollSmart\\frontend\\src\\app\\dashboard\\tab-1\\components\\CourseTable.tsx","all":false,"statementMap":{"7":{"start":{"line":8,"column":0},"end":{"line":8,"column":50}},"8":{"start":{"line":9,"column":0},"end":{"line":9,"column":10}},"9":{"start":{"line":10,"column":0},"end":{"line":10,"column":57}},"10":{"start":{"line":11,"column":0},"end":{"line":11,"column":13}},"11":{"start":{"line":12,"column":0},"end":{"line":12,"column":12}},"12":{"start":{"line":13,"column":0},"end":{"line":13,"column":52}},"13":{"start":{"line":14,"column":0},"end":{"line":14,"column":52}},"14":{"start":{"line":15,"column":0},"end":{"line":15,"column":52}},"15":{"start":{"line":16,"column":0},"end":{"line":16,"column":56}},"16":{"start":{"line":17,"column":0},"end":{"line":17,"column":61}},"17":{"start":{"line":18,"column":0},"end":{"line":18,"column":13}},"18":{"start":{"line":19,"column":0},"end":{"line":19,"column":14}},"19":{"start":{"line":20,"column":0},"end":{"line":20,"column":13}},"20":{"start":{"line":21,"column":0},"end":{"line":21,"column":35}},"21":{"start":{"line":22,"column":0},"end":{"line":22,"column":13}},"22":{"start":{"line":23,"column":0},"end":{"line":23,"column":79}},"23":{"start":{"line":24,"column":0},"end":{"line":24,"column":40}},"25":{"start":{"line":26,"column":0},"end":{"line":26,"column":65}},"26":{"start":{"line":27,"column":0},"end":{"line":27,"column":68}},"27":{"start":{"line":28,"column":0},"end":{"line":28,"column":45}},"28":{"start":{"line":29,"column":0},"end":{"line":29,"column":45}},"29":{"start":{"line":30,"column":0},"end":{"line":30,"column":17}},"30":{"start":{"line":31,"column":0},"end":{"line":31,"column":64}},"31":{"start":{"line":32,"column":0},"end":{"line":32,"column":45}},"32":{"start":{"line":33,"column":0},"end":{"line":33,"column":65}},"33":{"start":{"line":34,"column":0},"end":{"line":34,"column":17}},"34":{"start":{"line":35,"column":0},"end":{"line":35,"column":15}},"35":{"start":{"line":36,"column":0},"end":{"line":36,"column":11}},"36":{"start":{"line":37,"column":0},"end":{"line":37,"column":14}},"37":{"start":{"line":38,"column":0},"end":{"line":38,"column":12}},"39":{"start":{"line":40,"column":0},"end":{"line":40,"column":1}}},"s":{"7":1,"8":13,"9":13,"10":13,"11":13,"12":13,"13":13,"14":13,"15":13,"16":13,"17":13,"18":13,"19":13,"20":13,"21":7,"22":7,"23":7,"25":7,"26":7,"27":7,"28":7,"29":7,"30":7,"31":7,"32":7,"33":7,"34":7,"35":13,"36":13,"37":13,"39":13},"branchMap":{"0":{"type":"branch","line":8,"loc":{"start":{"line":8,"column":7},"end":{"line":40,"column":1}},"locations":[{"start":{"line":8,"column":7},"end":{"line":40,"column":1}}]},"1":{"type":"branch","line":21,"loc":{"start":{"line":21,"column":22},"end":{"line":35,"column":15}},"locations":[{"start":{"line":21,"column":22},"end":{"line":35,"column":15}}]},"2":{"type":"branch","line":33,"loc":{"start":{"line":33,"column":35},"end":{"line":33,"column":52}},"locations":[{"start":{"line":33,"column":35},"end":{"line":33,"column":52}}]}},"b":{"0":[13],"1":[7],"2":[7]},"fnMap":{"0":{"name":"CourseTable","decl":{"start":{"line":8,"column":7},"end":{"line":40,"column":1}},"loc":{"start":{"line":8,"column":7},"end":{"line":40,"column":1}},"line":8}},"f":{"0":13}}
,"C:\\Users\\hello\\Desktop\\SwayamFolder\\WorkMaterial\\College\\Spring2025\\CSE115A\\EnrollSmart\\frontend\\src\\app\\dashboard\\tab-1\\components\\PinnedCoursesPanel.tsx": {"path":"C:\\Users\\hello\\Desktop\\SwayamFolder\\WorkMaterial\\College\\Spring2025\\CSE115A\\EnrollSmart\\frontend\\src\\app\\dashboard\\tab-1\\components\\PinnedCoursesPanel.tsx","all":false,"statementMap":{"9":{"start":{"line":10,"column":0},"end":{"line":10,"column":75}},"10":{"start":{"line":11,"column":0},"end":{"line":11,"column":10}},"11":{"start":{"line":12,"column":0},"end":{"line":12,"column":85}},"12":{"start":{"line":13,"column":0},"end":{"line":13,"column":54}},"13":{"start":{"line":14,"column":0},"end":{"line":14,"column":65}},"14":{"start":{"line":15,"column":0},"end":{"line":15,"column":32}},"15":{"start":{"line":16,"column":0},"end":{"line":16,"column":61}},"17":{"start":{"line":18,"column":0},"end":{"line":18,"column":36}},"18":{"start":{"line":19,"column":0},"end":{"line":19,"column":32}},"19":{"start":{"line":20,"column":0},"end":{"line":20,"column":58}},"20":{"start":{"line":21,"column":0},"end":{"line":21,"column":37}},"21":{"start":{"line":22,"column":0},"end":{"line":22,"column":63}},"22":{"start":{"line":23,"column":0},"end":{"line":23,"column":23}},"23":{"start":{"line":24,"column":0},"end":{"line":24,"column":43}},"24":{"start":{"line":25,"column":0},"end":{"line":25,"column":22}},"25":{"start":{"line":26,"column":0},"end":{"line":26,"column":19}},"26":{"start":{"line":27,"column":0},"end":{"line":27,"column":27}},"27":{"start":{"line":28,"column":0},"end":{"line":28,"column":45}},"28":{"start":{"line":29,"column":0},"end":{"line":29,"column":29}},"29":{"start":{"line":30,"column":0},"end":{"line":30,"column":51}},"30":{"start":{"line":31,"column":0},"end":{"line":31,"column":65}},"33":{"start":{"line":34,"column":0},"end":{"line":34,"column":57}},"34":{"start":{"line":35,"column":0},"end":{"line":35,"column":21}},"36":{"start":{"line":37,"column":0},"end":{"line":37,"column":15}},"37":{"start":{"line":38,"column":0},"end":{"line":38,"column":15}},"39":{"start":{"line":40,"column":0},"end":{"line":40,"column":12}},"40":{"start":{"line":41,"column":0},"end":{"line":41,"column":10}},"42":{"start":{"line":43,"column":0},"end":{"line":43,"column":1}}},"s":{"9":1,"10":30,"11":30,"12":30,"13":30,"14":30,"15":28,"17":2,"18":2,"19":2,"20":2,"21":2,"22":0,"23":2,"24":2,"25":2,"26":2,"27":2,"28":2,"29":2,"30":2,"33":2,"34":2,"36":2,"37":2,"39":30,"40":30,"42":30},"branchMap":{"0":{"type":"branch","line":10,"loc":{"start":{"line":10,"column":7},"end":{"line":43,"column":1}},"locations":[{"start":{"line":10,"column":7},"end":{"line":43,"column":1}}]},"1":{"type":"branch","line":15,"loc":{"start":{"line":15,"column":27},"end":{"line":16,"column":61}},"locations":[{"start":{"line":15,"column":27},"end":{"line":16,"column":61}}]},"2":{"type":"branch","line":16,"loc":{"start":{"line":16,"column":57},"end":{"line":38,"column":15}},"locations":[{"start":{"line":16,"column":57},"end":{"line":38,"column":15}}]},"3":{"type":"branch","line":19,"loc":{"start":{"line":19,"column":24},"end":{"line":37,"column":13}},"locations":[{"start":{"line":19,"column":24},"end":{"line":37,"column":13}}]},"4":{"type":"branch","line":22,"loc":{"start":{"line":22,"column":61},"end":{"line":23,"column":23}},"locations":[{"start":{"line":22,"column":61},"end":{"line":23,"column":23}}]},"5":{"type":"branch","line":31,"loc":{"start":{"line":31,"column":29},"end":{"line":31,"column":65}},"locations":[{"start":{"line":31,"column":29},"end":{"line":31,"column":65}}]}},"b":{"0":[30],"1":[28],"2":[2],"3":[2],"4":[0],"5":[0]},"fnMap":{"0":{"name":"PinnedCoursesPanel","decl":{"start":{"line":10,"column":7},"end":{"line":43,"column":1}},"loc":{"start":{"line":10,"column":7},"end":{"line":43,"column":1}},"line":10},"1":{"name":"onClick","decl":{"start":{"line":28,"column":27},"end":{"line":28,"column":45}},"loc":{"start":{"line":28,"column":27},"end":{"line":28,"column":45}},"line":28}},"f":{"0":30,"1":0}}
,"C:\\Users\\hello\\Desktop\\SwayamFolder\\WorkMaterial\\College\\Spring2025\\CSE115A\\EnrollSmart\\frontend\\src\\app\\dashboard\\tab-1\\components\\SearchPanel.tsx": {"path":"C:\\Users\\hello\\Desktop\\SwayamFolder\\WorkMaterial\\College\\Spring2025\\CSE115A\\EnrollSmart\\frontend\\src\\app\\dashboard\\tab-1\\components\\SearchPanel.tsx","all":false,"statementMap":{"11":{"start":{"line":12,"column":0},"end":{"line":12,"column":29}},"12":{"start":{"line":13,"column":0},"end":{"line":13,"column":8}},"13":{"start":{"line":14,"column":0},"end":{"line":14,"column":16}},"14":{"start":{"line":15,"column":0},"end":{"line":15,"column":10}},"15":{"start":{"line":16,"column":0},"end":{"line":16,"column":11}},"16":{"start":{"line":17,"column":0},"end":{"line":17,"column":11}},"17":{"start":{"line":18,"column":0},"end":{"line":18,"column":11}},"19":{"start":{"line":20,"column":0},"end":{"line":20,"column":10}},"20":{"start":{"line":21,"column":0},"end":{"line":21,"column":53}},"21":{"start":{"line":22,"column":0},"end":{"line":22,"column":12}},"22":{"start":{"line":23,"column":0},"end":{"line":23,"column":19}},"23":{"start":{"line":24,"column":0},"end":{"line":24,"column":40}},"24":{"start":{"line":25,"column":0},"end":{"line":25,"column":21}},"25":{"start":{"line":26,"column":0},"end":{"line":26,"column":55}},"26":{"start":{"line":27,"column":0},"end":{"line":27,"column":43}},"27":{"start":{"line":28,"column":0},"end":{"line":28,"column":8}},"28":{"start":{"line":29,"column":0},"end":{"line":29,"column":65}},"29":{"start":{"line":30,"column":0},"end":{"line":30,"column":33}},"30":{"start":{"line":31,"column":0},"end":{"line":31,"column":60}},"32":{"start":{"line":33,"column":0},"end":{"line":33,"column":36}},"33":{"start":{"line":34,"column":0},"end":{"line":34,"column":33}},"34":{"start":{"line":35,"column":0},"end":{"line":35,"column":58}},"35":{"start":{"line":36,"column":0},"end":{"line":36,"column":37}},"36":{"start":{"line":37,"column":0},"end":{"line":37,"column":63}},"37":{"start":{"line":38,"column":0},"end":{"line":38,"column":23}},"38":{"start":{"line":39,"column":0},"end":{"line":39,"column":43}},"39":{"start":{"line":40,"column":0},"end":{"line":40,"column":22}},"40":{"start":{"line":41,"column":0},"end":{"line":41,"column":19}},"41":{"start":{"line":42,"column":0},"end":{"line":42,"column":27}},"42":{"start":{"line":43,"column":0},"end":{"line":43,"column":45}},"43":{"start":{"line":44,"column":0},"end":{"line":44,"column":29}},"44":{"start":{"line":45,"column":0},"end":{"line":45,"column":51}},"45":{"start":{"line":46,"column":0},"end":{"line":46,"column":65}},"48":{"start":{"line":49,"column":0},"end":{"line":49,"column":50}},"49":{"start":{"line":50,"column":0},"end":{"line":50,"column":47}},"50":{"start":{"line":51,"column":0},"end":{"line":51,"column":30}},"51":{"start":{"line":52,"column":0},"end":{"line":52,"column":29}},"52":{"start":{"line":53,"column":0},"end":{"line":53,"column":21}},"54":{"start":{"line":55,"column":0},"end":{"line":55,"column":15}},"55":{"start":{"line":56,"column":0},"end":{"line":56,"column":15}},"57":{"start":{"line":58,"column":0},"end":{"line":58,"column":12}},"58":{"start":{"line":59,"column":0},"end":{"line":59,"column":10}},"60":{"start":{"line":61,"column":0},"end":{"line":61,"column":1}}},"s":{"11":1,"12":30,"13":30,"14":30,"15":30,"16":30,"17":30,"19":30,"20":30,"21":30,"22":30,"23":30,"24":30,"25":30,"26":30,"27":30,"28":30,"29":30,"30":10,"32":20,"33":20,"34":60,"35":60,"36":36,"37":24,"38":60,"39":60,"40":60,"41":60,"42":60,"43":60,"44":60,"45":60,"48":60,"49":60,"50":60,"51":60,"52":60,"54":20,"55":20,"57":30,"58":30,"60":30},"branchMap":{"0":{"type":"branch","line":12,"loc":{"start":{"line":12,"column":7},"end":{"line":61,"column":1}},"locations":[{"start":{"line":12,"column":7},"end":{"line":61,"column":1}}]},"1":{"type":"branch","line":30,"loc":{"start":{"line":30,"column":28},"end":{"line":31,"column":60}},"locations":[{"start":{"line":30,"column":28},"end":{"line":31,"column":60}}]},"2":{"type":"branch","line":31,"loc":{"start":{"line":31,"column":56},"end":{"line":56,"column":15}},"locations":[{"start":{"line":31,"column":56},"end":{"line":56,"column":15}}]},"3":{"type":"branch","line":34,"loc":{"start":{"line":34,"column":25},"end":{"line":55,"column":13}},"locations":[{"start":{"line":34,"column":25},"end":{"line":55,"column":13}}]},"4":{"type":"branch","line":36,"loc":{"start":{"line":36,"column":29},"end":{"line":37,"column":63}},"locations":[{"start":{"line":36,"column":29},"end":{"line":37,"column":63}}]},"5":{"type":"branch","line":37,"loc":{"start":{"line":37,"column":61},"end":{"line":38,"column":23}},"locations":[{"start":{"line":37,"column":61},"end":{"line":38,"column":23}}]},"6":{"type":"branch","line":46,"loc":{"start":{"line":46,"column":21},"end":{"line":46,"column":45}},"locations":[{"start":{"line":46,"column":21},"end":{"line":46,"column":45}}]},"7":{"type":"branch","line":46,"loc":{"start":{"line":46,"column":29},"end":{"line":46,"column":65}},"locations":[{"start":{"line":46,"column":29},"end":{"line":46,"column":65}}]},"8":{"type":"branch","line":43,"loc":{"start":{"line":43,"column":27},"end":{"line":43,"column":45}},"locations":[{"start":{"line":43,"column":27},"end":{"line":43,"column":45}}]}},"b":{"0":[30],"1":[10],"2":[20],"3":[60],"4":[36],"5":[24],"6":[12],"7":[48],"8":[6]},"fnMap":{"0":{"name":"SearchPanel","decl":{"start":{"line":12,"column":7},"end":{"line":61,"column":1}},"loc":{"start":{"line":12,"column":7},"end":{"line":61,"column":1}},"line":12},"1":{"name":"onChange","decl":{"start":{"line":26,"column":18},"end":{"line":26,"column":55}},"loc":{"start":{"line":26,"column":18},"end":{"line":26,"column":55}},"line":26},"2":{"name":"onClick","decl":{"start":{"line":43,"column":27},"end":{"line":43,"column":45}},"loc":{"start":{"line":43,"column":27},"end":{"line":43,"column":45}},"line":43}},"f":{"0":30,"1":0,"2":6}}
,"C:\\Users\\hello\\Desktop\\SwayamFolder\\WorkMaterial\\College\\Spring2025\\CSE115A\\EnrollSmart\\frontend\\src\\app\\dashboard\\tab-1\\hooks\\useCourseDetails.tsx": {"path":"C:\\Users\\hello\\Desktop\\SwayamFolder\\WorkMaterial\\College\\Spring2025\\CSE115A\\EnrollSmart\\frontend\\src\\app\\dashboard\\tab-1\\hooks\\useCourseDetails.tsx","all":false,"statementMap":{"2":{"start":{"line":3,"column":0},"end":{"line":3,"column":41}},"3":{"start":{"line":4,"column":0},"end":{"line":4,"column":29}},"4":{"start":{"line":5,"column":0},"end":{"line":5,"column":17}},"5":{"start":{"line":6,"column":0},"end":{"line":6,"column":3}},"6":{"start":{"line":7,"column":0},"end":{"line":7,"column":29}},"12":{"start":{"line":13,"column":0},"end":{"line":13,"column":45}},"13":{"start":{"line":14,"column":0},"end":{"line":14,"column":52}},"15":{"start":{"line":16,"column":0},"end":{"line":16,"column":33}},"16":{"start":{"line":17,"column":0},"end":{"line":17,"column":176}},"17":{"start":{"line":18,"column":0},"end":{"line":18,"column":6}},"19":{"start":{"line":20,"column":0},"end":{"line":20,"column":34}},"20":{"start":{"line":21,"column":0},"end":{"line":21,"column":72}},"21":{"start":{"line":22,"column":0},"end":{"line":22,"column":16}},"22":{"start":{"line":23,"column":0},"end":{"line":23,"column":5}},"24":{"start":{"line":25,"column":0},"end":{"line":25,"column":23}},"25":{"start":{"line":26,"column":0},"end":{"line":26,"column":53}},"26":{"start":{"line":27,"column":0},"end":{"line":27,"column":5}},"27":{"start":{"line":28,"column":0},"end":{"line":28,"column":39}},"29":{"start":{"line":30,"column":0},"end":{"line":30,"column":16}},"30":{"start":{"line":31,"column":0},"end":{"line":31,"column":1}}},"s":{"2":15,"3":15,"4":15,"5":15,"6":15,"12":6,"13":6,"15":6,"16":6,"17":6,"19":15,"20":0,"21":0,"22":0,"24":15,"25":0,"26":0,"27":6,"29":6,"30":6},"branchMap":{"0":{"type":"branch","line":3,"loc":{"start":{"line":3,"column":0},"end":{"line":31,"column":1}},"locations":[{"start":{"line":3,"column":0},"end":{"line":31,"column":1}}]},"1":{"type":"branch","line":7,"loc":{"start":{"line":7,"column":19},"end":{"line":7,"column":29}},"locations":[{"start":{"line":7,"column":19},"end":{"line":7,"column":29}}]},"2":{"type":"branch","line":7,"loc":{"start":{"line":7,"column":27},"end":{"line":20,"column":33}},"locations":[{"start":{"line":7,"column":27},"end":{"line":20,"column":33}}]},"3":{"type":"branch","line":20,"loc":{"start":{"line":20,"column":33},"end":{"line":23,"column":5}},"locations":[{"start":{"line":20,"column":33},"end":{"line":23,"column":5}}]},"4":{"type":"branch","line":23,"loc":{"start":{"line":23,"column":4},"end":{"line":25,"column":22}},"locations":[{"start":{"line":23,"column":4},"end":{"line":25,"column":22}}]},"5":{"type":"branch","line":25,"loc":{"start":{"line":25,"column":22},"end":{"line":27,"column":5}},"locations":[{"start":{"line":25,"column":22},"end":{"line":27,"column":5}}]},"6":{"type":"branch","line":27,"loc":{"start":{"line":27,"column":4},"end":{"line":31,"column":1}},"locations":[{"start":{"line":27,"column":4},"end":{"line":31,"column":1}}]}},"b":{"0":[15],"1":[9],"2":[6],"3":[0],"4":[6],"5":[0],"6":[6]},"fnMap":{"0":{"name":"fetchCourseDetails","decl":{"start":{"line":3,"column":0},"end":{"line":31,"column":1}},"loc":{"start":{"line":3,"column":0},"end":{"line":31,"column":1}},"line":3}},"f":{"0":15}}
,"C:\\Users\\hello\\Desktop\\SwayamFolder\\WorkMaterial\\College\\Spring2025\\CSE115A\\EnrollSmart\\frontend\\src\\app\\dashboard\\tab-1\\hooks\\useCourseInfo.tsx": {"path":"C:\\Users\\hello\\Desktop\\SwayamFolder\\WorkMaterial\\College\\Spring2025\\CSE115A\\EnrollSmart\\frontend\\src\\app\\dashboard\\tab-1\\hooks\\useCourseInfo.tsx","all":false,"statementMap":{"3":{"start":{"line":4,"column":0},"end":{"line":4,"column":129}},"4":{"start":{"line":5,"column":0},"end":{"line":5,"column":32}},"5":{"start":{"line":6,"column":0},"end":{"line":6,"column":183}},"6":{"start":{"line":7,"column":0},"end":{"line":7,"column":6}},"7":{"start":{"line":8,"column":0},"end":{"line":8,"column":23}},"8":{"start":{"line":9,"column":0},"end":{"line":9,"column":53}},"9":{"start":{"line":10,"column":0},"end":{"line":10,"column":5}},"10":{"start":{"line":11,"column":0},"end":{"line":11,"column":39}},"12":{"start":{"line":13,"column":0},"end":{"line":13,"column":12}},"13":{"start":{"line":14,"column":0},"end":{"line":14,"column":36}},"14":{"start":{"line":15,"column":0},"end":{"line":15,"column":40}},"15":{"start":{"line":16,"column":0},"end":{"line":16,"column":36}},"16":{"start":{"line":17,"column":0},"end":{"line":17,"column":28}},"17":{"start":{"line":18,"column":0},"end":{"line":18,"column":6}},"18":{"start":{"line":19,"column":0},"end":{"line":19,"column":1}},"21":{"start":{"line":22,"column":0},"end":{"line":22,"column":77}},"22":{"start":{"line":23,"column":0},"end":{"line":23,"column":23}},"24":{"start":{"line":25,"column":0},"end":{"line":25,"column":35}},"25":{"start":{"line":26,"column":0},"end":{"line":26,"column":45}},"26":{"start":{"line":27,"column":0},"end":{"line":27,"column":23}},"27":{"start":{"line":28,"column":0},"end":{"line":28,"column":42}},"28":{"start":{"line":29,"column":0},"end":{"line":29,"column":33}},"29":{"start":{"line":30,"column":0},"end":{"line":30,"column":41}},"30":{"start":{"line":31,"column":0},"end":{"line":31,"column":33}},"31":{"start":{"line":32,"column":0},"end":{"line":32,"column":21}},"32":{"start":{"line":33,"column":0},"end":{"line":33,"column":9}},"33":{"start":{"line":34,"column":0},"end":{"line":34,"column":51}},"34":{"start":{"line":35,"column":0},"end":{"line":35,"column":5}},"35":{"start":{"line":36,"column":0},"end":{"line":36,"column":33}},"36":{"start":{"line":37,"column":0},"end":{"line":37,"column":203}},"37":{"start":{"line":38,"column":0},"end":{"line":38,"column":22}},"38":{"start":{"line":39,"column":0},"end":{"line":39,"column":18}},"39":{"start":{"line":40,"column":0},"end":{"line":40,"column":45}},"40":{"start":{"line":41,"column":0},"end":{"line":41,"column":10}},"41":{"start":{"line":42,"column":0},"end":{"line":42,"column":9}},"42":{"start":{"line":43,"column":0},"end":{"line":43,"column":23}},"43":{"start":{"line":44,"column":0},"end":{"line":44,"column":53}},"44":{"start":{"line":45,"column":0},"end":{"line":45,"column":5}},"45":{"start":{"line":46,"column":0},"end":{"line":46,"column":39}},"46":{"start":{"line":47,"column":0},"end":{"line":47,"column":47}},"47":{"start":{"line":48,"column":0},"end":{"line":48,"column":23}},"48":{"start":{"line":49,"column":0},"end":{"line":49,"column":42}},"49":{"start":{"line":50,"column":0},"end":{"line":50,"column":33}},"50":{"start":{"line":51,"column":0},"end":{"line":51,"column":41}},"51":{"start":{"line":52,"column":0},"end":{"line":52,"column":33}},"52":{"start":{"line":53,"column":0},"end":{"line":53,"column":21}},"53":{"start":{"line":54,"column":0},"end":{"line":54,"column":9}},"54":{"start":{"line":55,"column":0},"end":{"line":55,"column":26}},"55":{"start":{"line":56,"column":0},"end":{"line":56,"column":12}},"56":{"start":{"line":57,"column":0},"end":{"line":57,"column":49}},"57":{"start":{"line":58,"column":0},"end":{"line":58,"column":23}},"58":{"start":{"line":59,"column":0},"end":{"line":59,"column":42}},"59":{"start":{"line":60,"column":0},"end":{"line":60,"column":33}},"60":{"start":{"line":61,"column":0},"end":{"line":61,"column":41}},"61":{"start":{"line":62,"column":0},"end":{"line":62,"column":33}},"62":{"start":{"line":63,"column":0},"end":{"line":63,"column":51}},"63":{"start":{"line":64,"column":0},"end":{"line":64,"column":9}},"64":{"start":{"line":65,"column":0},"end":{"line":65,"column":5}},"65":{"start":{"line":66,"column":0},"end":{"line":66,"column":3}},"66":{"start":{"line":67,"column":0},"end":{"line":67,"column":20}},"67":{"start":{"line":68,"column":0},"end":{"line":68,"column":1}}},"s":{"3":11,"4":11,"5":11,"6":11,"7":11,"8":0,"9":0,"10":11,"12":11,"13":11,"14":11,"15":11,"16":11,"17":11,"18":11,"21":5,"22":5,"24":5,"25":5,"26":0,"27":0,"28":0,"29":0,"30":0,"31":0,"32":0,"33":0,"34":0,"35":5,"36":5,"37":5,"38":5,"39":5,"40":5,"41":5,"42":5,"43":0,"44":0,"45":5,"46":5,"47":0,"48":0,"49":0,"50":0,"51":0,"52":0,"53":0,"54":0,"55":5,"56":5,"57":5,"58":5,"59":5,"60":5,"61":5,"62":5,"63":5,"64":5,"65":5,"66":5,"67":5},"branchMap":{"0":{"type":"branch","line":4,"loc":{"start":{"line":4,"column":0},"end":{"line":19,"column":1}},"locations":[{"start":{"line":4,"column":0},"end":{"line":19,"column":1}}]},"1":{"type":"branch","line":8,"loc":{"start":{"line":8,"column":22},"end":{"line":10,"column":5}},"locations":[{"start":{"line":8,"column":22},"end":{"line":10,"column":5}}]},"2":{"type":"branch","line":22,"loc":{"start":{"line":22,"column":0},"end":{"line":68,"column":1}},"locations":[{"start":{"line":22,"column":0},"end":{"line":68,"column":1}}]},"3":{"type":"branch","line":26,"loc":{"start":{"line":26,"column":44},"end":{"line":35,"column":5}},"locations":[{"start":{"line":26,"column":44},"end":{"line":35,"column":5}}]},"4":{"type":"branch","line":43,"loc":{"start":{"line":43,"column":22},"end":{"line":45,"column":5}},"locations":[{"start":{"line":43,"column":22},"end":{"line":45,"column":5}}]},"5":{"type":"branch","line":47,"loc":{"start":{"line":47,"column":46},"end":{"line":56,"column":11}},"locations":[{"start":{"line":47,"column":46},"end":{"line":56,"column":11}}]},"6":{"type":"branch","line":63,"loc":{"start":{"line":63,"column":16},"end":{"line":63,"column":46}},"locations":[{"start":{"line":63,"column":16},"end":{"line":63,"column":46}}]}},"b":{"0":[11],"1":[0],"2":[5],"3":[0],"4":[0],"5":[0],"6":[0]},"fnMap":{"0":{"name":"useCourseInfo","decl":{"start":{"line":4,"column":0},"end":{"line":19,"column":1}},"loc":{"start":{"line":4,"column":0},"end":{"line":19,"column":1}},"line":4},"1":{"name":"useCourseInstructors","decl":{"start":{"line":22,"column":0},"end":{"line":68,"column":1}},"loc":{"start":{"line":22,"column":0},"end":{"line":68,"column":1}},"line":22}},"f":{"0":11,"1":5}}
,"C:\\Users\\hello\\Desktop\\SwayamFolder\\WorkMaterial\\College\\Spring2025\\CSE115A\\EnrollSmart\\frontend\\src\\app\\dashboard\\tab-1\\hooks\\useCourseSearch.tsx": {"path":"C:\\Users\\hello\\Desktop\\SwayamFolder\\WorkMaterial\\College\\Spring2025\\CSE115A\\EnrollSmart\\frontend\\src\\app\\dashboard\\tab-1\\hooks\\useCourseSearch.tsx","all":false,"statementMap":{"0":{"start":{"line":1,"column":0},"end":{"line":1,"column":42}},"3":{"start":{"line":4,"column":0},"end":{"line":4,"column":56}},"4":{"start":{"line":5,"column":0},"end":{"line":5,"column":41}},"6":{"start":{"line":7,"column":0},"end":{"line":7,"column":39}},"7":{"start":{"line":8,"column":0},"end":{"line":8,"column":45}},"8":{"start":{"line":9,"column":0},"end":{"line":9,"column":31}},"9":{"start":{"line":10,"column":0},"end":{"line":10,"column":50}},"10":{"start":{"line":11,"column":0},"end":{"line":11,"column":41}},"11":{"start":{"line":12,"column":0},"end":{"line":12,"column":5}},"12":{"start":{"line":13,"column":0},"end":{"line":13,"column":36}},"13":{"start":{"line":14,"column":0},"end":{"line":14,"column":17}},"16":{"start":{"line":17,"column":0},"end":{"line":17,"column":34}},"17":{"start":{"line":18,"column":0},"end":{"line":18,"column":44}},"18":{"start":{"line":19,"column":0},"end":{"line":19,"column":41}},"19":{"start":{"line":20,"column":0},"end":{"line":20,"column":32}},"20":{"start":{"line":21,"column":0},"end":{"line":21,"column":12}},"21":{"start":{"line":22,"column":0},"end":{"line":22,"column":46}},"22":{"start":{"line":23,"column":0},"end":{"line":23,"column":50}},"23":{"start":{"line":24,"column":0},"end":{"line":24,"column":44}},"24":{"start":{"line":25,"column":0},"end":{"line":25,"column":78}},"25":{"start":{"line":26,"column":0},"end":{"line":26,"column":81}},"26":{"start":{"line":27,"column":0},"end":{"line":27,"column":6}},"27":{"start":{"line":28,"column":0},"end":{"line":28,"column":29}},"29":{"start":{"line":30,"column":0},"end":{"line":30,"column":39}},"30":{"start":{"line":31,"column":0},"end":{"line":31,"column":1}}},"s":{"0":1,"3":1,"4":36,"6":36,"7":23,"8":23,"9":39,"10":39,"11":39,"12":23,"13":36,"16":36,"17":23,"18":0,"19":0,"20":0,"21":0,"22":0,"23":0,"24":0,"25":0,"26":0,"27":36,"29":36,"30":36},"branchMap":{"0":{"type":"branch","line":4,"loc":{"start":{"line":4,"column":7},"end":{"line":31,"column":1}},"locations":[{"start":{"line":4,"column":7},"end":{"line":31,"column":1}}]},"1":{"type":"branch","line":7,"loc":{"start":{"line":7,"column":32},"end":{"line":14,"column":5}},"locations":[{"start":{"line":7,"column":32},"end":{"line":14,"column":5}}]},"2":{"type":"branch","line":9,"loc":{"start":{"line":9,"column":30},"end":{"line":12,"column":5}},"locations":[{"start":{"line":9,"column":30},"end":{"line":12,"column":5}}]},"3":{"type":"branch","line":17,"loc":{"start":{"line":17,"column":27},"end":{"line":28,"column":5}},"locations":[{"start":{"line":17,"column":27},"end":{"line":28,"column":5}}]},"4":{"type":"branch","line":18,"loc":{"start":{"line":18,"column":30},"end":{"line":27,"column":6}},"locations":[{"start":{"line":18,"column":30},"end":{"line":27,"column":6}}]}},"b":{"0":[36],"1":[23],"2":[39],"3":[23],"4":[0]},"fnMap":{"0":{"name":"useCourseSearch","decl":{"start":{"line":4,"column":7},"end":{"line":31,"column":1}},"loc":{"start":{"line":4,"column":7},"end":{"line":31,"column":1}},"line":4}},"f":{"0":36}}
,"C:\\Users\\hello\\Desktop\\SwayamFolder\\WorkMaterial\\College\\Spring2025\\CSE115A\\EnrollSmart\\frontend\\src\\app\\dashboard\\tab-1\\hooks\\useCourses.tsx": {"path":"C:\\Users\\hello\\Desktop\\SwayamFolder\\WorkMaterial\\College\\Spring2025\\CSE115A\\EnrollSmart\\frontend\\src\\app\\dashboard\\tab-1\\hooks\\useCourses.tsx","all":false,"statementMap":{"2":{"start":{"line":3,"column":0},"end":{"line":3,"column":30}},"4":{"start":{"line":5,"column":0},"end":{"line":5,"column":33}},"5":{"start":{"line":6,"column":0},"end":{"line":6,"column":33}},"6":{"start":{"line":7,"column":0},"end":{"line":7,"column":100}},"7":{"start":{"line":8,"column":0},"end":{"line":8,"column":6}},"8":{"start":{"line":9,"column":0},"end":{"line":9,"column":23}},"9":{"start":{"line":10,"column":0},"end":{"line":10,"column":53}},"10":{"start":{"line":11,"column":0},"end":{"line":11,"column":5}},"11":{"start":{"line":12,"column":0},"end":{"line":12,"column":39}},"13":{"start":{"line":14,"column":0},"end":{"line":14,"column":31}},"14":{"start":{"line":15,"column":0},"end":{"line":15,"column":3}},"16":{"start":{"line":17,"column":0},"end":{"line":17,"column":10}},"17":{"start":{"line":18,"column":0},"end":{"line":18,"column":17}},"18":{"start":{"line":19,"column":0},"end":{"line":19,"column":4}},"19":{"start":{"line":20,"column":0},"end":{"line":20,"column":1}}},"s":{"2":1,"4":38,"5":16,"6":16,"7":16,"8":16,"9":0,"10":0,"11":16,"13":16,"14":16,"16":38,"17":38,"18":38,"19":38},"branchMap":{"0":{"type":"branch","line":3,"loc":{"start":{"line":3,"column":7},"end":{"line":20,"column":1}},"locations":[{"start":{"line":3,"column":7},"end":{"line":20,"column":1}}]},"1":{"type":"branch","line":5,"loc":{"start":{"line":5,"column":2},"end":{"line":15,"column":3}},"locations":[{"start":{"line":5,"column":2},"end":{"line":15,"column":3}}]},"2":{"type":"branch","line":9,"loc":{"start":{"line":9,"column":22},"end":{"line":11,"column":5}},"locations":[{"start":{"line":9,"column":22},"end":{"line":11,"column":5}}]}},"b":{"0":[38],"1":[16],"2":[0]},"fnMap":{"0":{"name":"useCourses","decl":{"start":{"line":3,"column":7},"end":{"line":20,"column":1}},"loc":{"start":{"line":3,"column":7},"end":{"line":20,"column":1}},"line":3},"1":{"name":"fetchCourses","decl":{"start":{"line":5,"column":2},"end":{"line":15,"column":3}},"loc":{"start":{"line":5,"column":2},"end":{"line":15,"column":3}},"line":5}},"f":{"0":38,"1":16}}
,"C:\\Users\\hello\\Desktop\\SwayamFolder\\WorkMaterial\\College\\Spring2025\\CSE115A\\EnrollSmart\\frontend\\src\\app\\dashboard\\tab-1\\hooks\\usePinnedCourses.tsx": {"path":"C:\\Users\\hello\\Desktop\\SwayamFolder\\WorkMaterial\\College\\Spring2025\\CSE115A\\EnrollSmart\\frontend\\src\\app\\dashboard\\tab-1\\hooks\\usePinnedCourses.tsx","all":false,"statementMap":{"1":{"start":{"line":2,"column":0},"end":{"line":2,"column":44}},"3":{"start":{"line":4,"column":0},"end":{"line":4,"column":36}},"4":{"start":{"line":5,"column":0},"end":{"line":5,"column":39}},"5":{"start":{"line":6,"column":0},"end":{"line":6,"column":19}},"6":{"start":{"line":7,"column":0},"end":{"line":7,"column":34}},"7":{"start":{"line":8,"column":0},"end":{"line":8,"column":15}},"8":{"start":{"line":9,"column":0},"end":{"line":9,"column":38}},"9":{"start":{"line":10,"column":0},"end":{"line":10,"column":5}},"11":{"start":{"line":12,"column":0},"end":{"line":12,"column":28}},"12":{"start":{"line":13,"column":0},"end":{"line":13,"column":97}},"13":{"start":{"line":14,"column":0},"end":{"line":14,"column":7}},"14":{"start":{"line":15,"column":0},"end":{"line":15,"column":22}},"15":{"start":{"line":16,"column":0},"end":{"line":16,"column":18}},"16":{"start":{"line":17,"column":0},"end":{"line":17,"column":45}},"17":{"start":{"line":18,"column":0},"end":{"line":18,"column":45}},"18":{"start":{"line":19,"column":0},"end":{"line":19,"column":10}},"19":{"start":{"line":20,"column":0},"end":{"line":20,"column":7}},"20":{"start":{"line":21,"column":0},"end":{"line":21,"column":6}},"22":{"start":{"line":23,"column":0},"end":{"line":23,"column":18}},"23":{"start":{"line":24,"column":0},"end":{"line":24,"column":56}},"24":{"start":{"line":25,"column":0},"end":{"line":25,"column":5}},"26":{"start":{"line":27,"column":0},"end":{"line":27,"column":34}},"27":{"start":{"line":28,"column":0},"end":{"line":28,"column":31}},"28":{"start":{"line":29,"column":0},"end":{"line":29,"column":3}},"30":{"start":{"line":31,"column":0},"end":{"line":31,"column":54}},"31":{"start":{"line":32,"column":0},"end":{"line":32,"column":24}},"32":{"start":{"line":33,"column":0},"end":{"line":33,"column":35}},"33":{"start":{"line":34,"column":0},"end":{"line":34,"column":42}},"34":{"start":{"line":35,"column":0},"end":{"line":35,"column":19}},"35":{"start":{"line":36,"column":0},"end":{"line":36,"column":34}},"36":{"start":{"line":37,"column":0},"end":{"line":37,"column":15}},"37":{"start":{"line":38,"column":0},"end":{"line":38,"column":38}},"38":{"start":{"line":39,"column":0},"end":{"line":39,"column":5}},"40":{"start":{"line":41,"column":0},"end":{"line":41,"column":28}},"41":{"start":{"line":42,"column":0},"end":{"line":42,"column":97}},"42":{"start":{"line":43,"column":0},"end":{"line":43,"column":7}},"43":{"start":{"line":44,"column":0},"end":{"line":44,"column":23}},"44":{"start":{"line":45,"column":0},"end":{"line":45,"column":18}},"45":{"start":{"line":46,"column":0},"end":{"line":46,"column":45}},"46":{"start":{"line":47,"column":0},"end":{"line":47,"column":45}},"47":{"start":
[...]
n":11}},"36":{"start":{"line":37,"column":0},"end":{"line":37,"column":7}},"37":{"start":{"line":38,"column":0},"end":{"line":38,"column":5}},"38":{"start":{"line":39,"column":0},"end":{"line":39,"column":32}},"39":{"start":{"line":40,"column":0},"end":{"line":40,"column":23}},"40":{"start":{"line":41,"column":0},"end":{"line":41,"column":27}},"41":{"start":{"line":42,"column":0},"end":{"line":42,"column":58}},"42":{"start":{"line":43,"column":0},"end":{"line":43,"column":16}},"43":{"start":{"line":44,"column":0},"end":{"line":44,"column":30}},"44":{"start":{"line":45,"column":0},"end":{"line":45,"column":9}},"45":{"start":{"line":46,"column":0},"end":{"line":46,"column":8}},"46":{"start":{"line":47,"column":0},"end":{"line":47,"column":23}},"47":{"start":{"line":48,"column":0},"end":{"line":48,"column":27}},"48":{"start":{"line":49,"column":0},"end":{"line":49,"column":54}},"49":{"start":{"line":50,"column":0},"end":{"line":50,"column":9}},"50":{"start":{"line":51,"column":0},"end":{"line":51,"column":4}},"52":{"start":{"line":53,"column":0},"end":{"line":53,"column":40}},"53":{"start":{"line":54,"column":0},"end":{"line":54,"column":46}},"60":{"start":{"line":61,"column":0},"end":{"line":61,"column":57}},"61":{"start":{"line":62,"column":0},"end":{"line":62,"column":21}},"62":{"start":{"line":63,"column":0},"end":{"line":63,"column":34}},"63":{"start":{"line":64,"column":0},"end":{"line":64,"column":7}},"64":{"start":{"line":65,"column":0},"end":{"line":65,"column":7}},"66":{"start":{"line":67,"column":0},"end":{"line":67,"column":4}},"68":{"start":{"line":69,"column":0},"end":{"line":69,"column":19}},"69":{"start":{"line":70,"column":0},"end":{"line":70,"column":46}},"70":{"start":{"line":71,"column":0},"end":{"line":71,"column":17}},"72":{"start":{"line":73,"column":0},"end":{"line":73,"column":34}},"73":{"start":{"line":74,"column":0},"end":{"line":74,"column":7}},"74":{"start":{"line":75,"column":0},"end":{"line":75,"column":7}},"75":{"start":{"line":76,"column":0},"end":{"line":76,"column":15}},"77":{"start":{"line":78,"column":0},"end":{"line":78,"column":10}},"78":{"start":{"line":79,"column":0},"end":{"line":79,"column":37}},"79":{"start":{"line":80,"column":0},"end":{"line":80,"column":44}},"80":{"start":{"line":81,"column":0},"end":{"line":81,"column":63}},"82":{"start":{"line":83,"column":0},"end":{"line":83,"column":13}},"84":{"start":{"line":85,"column":0},"end":{"line":85,"column":74}},"85":{"start":{"line":86,"column":0},"end":{"line":86,"column":16}},"86":{"start":{"line":87,"column":0},"end":{"line":87,"column":29}},"87":{"start":{"line":88,"column":0},"end":{"line":88,"column":29}},"88":{"start":{"line":89,"column":0},"end":{"line":89,"column":22}},"89":{"start":{"line":90,"column":0},"end":{"line":90,"column":23}},"90":{"start":{"line":91,"column":0},"end":{"line":91,"column":41}},"91":{"start":{"line":92,"column":0},"end":{"line":92,"column":12}},"92":{"start":{"line":93,"column":0},"end":{"line":93,"column":70}},"93":{"start":{"line":94,"column":0},"end":{"line":94,"column":17}},"95":{"start":{"line":96,"column":0},"end":{"line":96,"column":51}},"97":{"start":{"line":98,"column":0},"end":{"line":98,"column":14}},"98":{"start":{"line":99,"column":0},"end":{"line":99,"column":22}},"99":{"start":{"line":100,"column":0},"end":{"line":100,"column":29}},"100":{"start":{"line":101,"column":0},"end":{"line":101,"column":59}},"101":{"start":{"line":102,"column":0},"end":{"line":102,"column":52}},"102":{"start":{"line":103,"column":0},"end":{"line":103,"column":23}},"103":{"start":{"line":104,"column":0},"end":{"line":104,"column":18}},"104":{"start":{"line":105,"column":0},"end":{"line":105,"column":10}},"106":{"start":{"line":107,"column":0},"end":{"line":107,"column":14}},"107":{"start":{"line":108,"column":0},"end":{"line":108,"column":25}},"108":{"start":{"line":109,"column":0},"end":{"line":109,"column":32}},"109":{"start":{"line":110,"column":0},"end":{"line":110,"column":62}},"110":{"start":{"line":111,"column":0},"end":{"line":111,"column":55}},"111":{"start":{"line":112,"column":0},"end":{"line":112,"column":26}},"112":{"start":{"line":113,"column":0},"end":{"line":113,"column":18}},"113":{"start":{"line":114,"column":0},"end":{"line":114,"column":10}},"115":{"start":{"line":116,"column":0},"end":{"line":116,"column":15}},"116":{"start":{"line":117,"column":0},"end":{"line":117,"column":23}},"117":{"start":{"line":118,"column":0},"end":{"line":118,"column":37}},"118":{"start":{"line":119,"column":0},"end":{"line":119,"column":74}},"119":{"start":{"line":120,"column":0},"end":{"line":120,"column":9}},"121":{"start":{"line":122,"column":0},"end":{"line":122,"column":17}},"123":{"start":{"line":124,"column":0},"end":{"line":124,"column":61}},"124":{"start":{"line":125,"column":0},"end":{"line":125,"column":39}},"125":{"start":{"line":126,"column":0},"end":{"line":126,"column":72}},"127":{"start":{"line":128,"column":0},"end":{"line":128,"column":19}},"128":{"start":{"line":129,"column":0},"end":{"line":129,"column":12}},"129":{"start":{"line":130,"column":0},"end":{"line":130,"column":12}},"130":{"start":{"line":131,"column":0},"end":{"line":131,"column":10}},"132":{"start":{"line":133,"column":0},"end":{"line":133,"column":1}}},"s":{"3":1,"8":1,"9":1,"10":1,"11":1,"12":1,"13":1,"19":4,"20":4,"21":4,"22":4,"24":4,"25":1,"26":1,"27":1,"28":1,"29":1,"30":1,"31":1,"32":1,"33":1,"34":1,"35":1,"36":1,"37":1,"38":1,"39":1,"40":1,"41":1,"42":1,"43":0,"44":0,"45":1,"46":1,"47":0,"48":0,"49":1,"50":1,"52":4,"53":1,"60":1,"61":1,"62":1,"63":1,"64":1,"66":1,"68":4,"69":4,"70":4,"72":4,"73":4,"74":4,"75":4,"77":4,"78":4,"79":4,"80":4,"82":4,"84":4,"85":4,"86":4,"87":4,"88":4,"89":4,"90":4,"91":4,"92":4,"93":4,"95":4,"97":4,"98":4,"99":4,"100":4,"101":4,"102":4,"103":4,"104":4,"106":4,"107":4,"108":4,"109":4,"110":4,"111":4,"112":4,"113":4,"115":4,"116":4,"117":4,"118":4,"119":4,"121":4,"123":4,"124":4,"125":4,"127":4,"128":4,"129":4,"130":4,"132":4},"branchMap":{"0":{"type":"branch","line":20,"loc":{"start":{"line":20,"column":0},"end":{"line":133,"column":1}},"locations":[{"start":{"line":20,"column":0},"end":{"line":133,"column":1}}]},"1":{"type":"branch","line":25,"loc":{"start":{"line":25,"column":28},"end":{"line":51,"column":4}},"locations":[{"start":{"line":25,"column":28},"end":{"line":51,"column":4}}]},"2":{"type":"branch","line":39,"loc":{"start":{"line":39,"column":12},"end":{"line":39,"column":31}},"locations":[{"start":{"line":39,"column":12},"end":{"line":39,"column":31}}]},"3":{"type":"branch","line":40,"loc":{"start":{"line":40,"column":12},"end":{"line":46,"column":7}},"locations":[{"start":{"line":40,"column":12},"end":{"line":46,"column":7}}]},"4":{"type":"branch","line":43,"loc":{"start":{"line":43,"column":8},"end":{"line":45,"column":9}},"locations":[{"start":{"line":43,"column":8},"end":{"line":45,"column":9}}]},"5":{"type":"branch","line":53,"loc":{"start":{"line":53,"column":27},"end":{"line":67,"column":4}},"locations":[{"start":{"line":53,"column":27},"end":{"line":67,"column":4}}]},"6":{"type":"branch","line":61,"loc":{"start":{"line":61,"column":41},"end":{"line":65,"column":5}},"locations":[{"start":{"line":61,"column":41},"end":{"line":65,"column":5}}]},"7":{"type":"branch","line":69,"loc":{"start":{"line":69,"column":12},"end":{"line":76,"column":5}},"locations":[{"start":{"line":69,"column":12},"end":{"line":76,"column":5}}]},"8":{"type":"branch","line":70,"loc":{"start":{"line":70,"column":29},"end":{"line":75,"column":5}},"locations":[{"start":{"line":70,"column":29},"end":{"line":75,"column":5}}]}},"b":{"0":[4],"1":[1],"2":[1],"3":[1],"4":[0],"5":[1],"6":[1],"7":[4],"8":[4]},"fnMap":{"0":{"name":"Signup","decl":{"start":{"line":20,"column":0},"end":{"line":133,"column":1}},"loc":{"start":{"line":20,"column":0},"end":{"line":133,"column":1}},"line":20},"1":{"name":"handleEmailSignup","decl":{"start":{"line":25,"column":28},"end":{"line":51,"column":4}},"loc":{"start":{"line":25,"column":28},"end":{"line":51,"column":4}},"line":25},"2":{"name":"signInWithGoogle","decl":{"start":{"line":53,"column":27},"end":{"line":67,"column":4}},"loc":{"start":{"line":53,"column":27},"end":{"line":67,"column":4}},"line":53},"3":{"name":"onChange","decl":{"start":{"line":102,"column":20},"end":{"line":102,"column":52}},"loc":{"start":{"line":102,"column":20},"end":{"line":102,"column":52}},"line":102},"4":{"name":"onChange","decl":{"start":{"line":111,"column":20},"end":{"line":111,"column":55}},"loc":{"start":{"line":111,"column":20},"end":{"line":111,"column":55}},"line":111}},"f":{"0":4,"1":1,"2":1,"3":0,"4":0}}
,"C:\\Users\\hello\\Desktop\\SwayamFolder\\WorkMaterial\\College\\Spring2025\\CSE115A\\EnrollSmart\\frontend\\src\\app\\utils\\firebase.ts": {"path":"C:\\Users\\hello\\Desktop\\SwayamFolder\\WorkMaterial\\College\\Spring2025\\CSE115A\\EnrollSmart\\frontend\\src\\app\\utils\\firebase.ts","all":false,"statementMap":{"2":{"start":{"line":3,"column":0},"end":{"line":3,"column":62}},"3":{"start":{"line":4,"column":0},"end":{"line":4,"column":40}},"5":{"start":{"line":6,"column":0},"end":{"line":6,"column":24}},"6":{"start":{"line":7,"column":0},"end":{"line":7,"column":51}},"7":{"start":{"line":8,"column":0},"end":{"line":8,"column":59}},"8":{"start":{"line":9,"column":0},"end":{"line":9,"column":57}},"9":{"start":{"line":10,"column":0},"end":{"line":10,"column":65}},"10":{"start":{"line":11,"column":0},"end":{"line":11,"column":74}},"11":{"start":{"line":12,"column":0},"end":{"line":12,"column":49}},"12":{"start":{"line":13,"column":0},"end":{"line":13,"column":65}},"13":{"start":{"line":14,"column":0},"end":{"line":14,"column":2}},"16":{"start":{"line":17,"column":0},"end":{"line":17,"column":77}},"19":{"start":{"line":20,"column":0},"end":{"line":20,"column":23}}},"s":{"2":1,"3":1,"5":1,"6":1,"7":1,"8":1,"9":1,"10":1,"11":1,"12":1,"13":1,"16":1,"19":1},"branchMap":{"0":{"type":"branch","line":17,"loc":{"start":{"line":17,"column":32},"end":{"line":17,"column":47}},"locations":[{"start":{"line":17,"column":32},"end":{"line":17,"column":47}}]}},"b":{"0":[0]},"fnMap":{},"f":{}}
,"C:\\Users\\hello\\Desktop\\SwayamFolder\\WorkMaterial\\College\\Spring2025\\CSE115A\\EnrollSmart\\frontend\\src\\context\\ScheduleContext.tsx": {"path":"C:\\Users\\hello\\Desktop\\SwayamFolder\\WorkMaterial\\College\\Spring2025\\CSE115A\\EnrollSmart\\frontend\\src\\context\\ScheduleContext.tsx","all":false,"statementMap":{"1":{"start":{"line":2,"column":0},"end":{"line":2,"column":66}},"3":{"start":{"line":4,"column":0},"end":{"line":4,"column":97}},"9":{"start":{"line":10,"column":0},"end":{"line":10,"column":71}},"10":{"start":{"line":11,"column":0},"end":{"line":11,"column":11}},"11":{"start":{"line":12,"column":0},"end":{"line":12,"column":2}},"13":{"start":{"line":14,"column":0},"end":{"line":14,"column":73}},"14":{"start":{"line":15,"column":0},"end":{"line":15,"column":63}},"16":{"start":{"line":17,"column":0},"end":{"line":17,"column":8}},"18":{"start":{"line":19,"column":0},"end":{"line":19,"column":60}},"19":{"start":{"line":20,"column":0},"end":{"line":20,"column":37}},"20":{"start":{"line":21,"column":0},"end":{"line":21,"column":41}},"21":{"start":{"line":22,"column":0},"end":{"line":22,"column":76}},"22":{"start":{"line":23,"column":0},"end":{"line":23,"column":10}},"23":{"start":{"line":24,"column":0},"end":{"line":24,"column":18}},"24":{"start":{"line":25,"column":0},"end":{"line":25,"column":67}},"25":{"start":{"line":26,"column":0},"end":{"line":26,"column":9}},"26":{"start":{"line":27,"column":0},"end":{"line":27,"column":9}},"27":{"start":{"line":28,"column":0},"end":{"line":28,"column":20}},"28":{"start":{"line":29,"column":0},"end":{"line":29,"column":7}},"29":{"start":{"line":30,"column":0},"end":{"line":30,"column":57}},"30":{"start":{"line":31,"column":0},"end":{"line":31,"column":7}},"31":{"start":{"line":32,"column":0},"end":{"line":32,"column":3}},"33":{"start":{"line":34,"column":0},"end":{"line":34,"column":10}},"34":{"start":{"line":35,"column":0},"end":{"line":35,"column":72}},"35":{"start":{"line":36,"column":0},"end":{"line":36,"column":16}},"36":{"start":{"line":37,"column":0},"end":{"line":37,"column":31}},"38":{"start":{"line":39,"column":0},"end":{"line":39,"column":1}},"40":{"start":{"line":41,"column":0},"end":{"line":41,"column":31}},"41":{"start":{"line":42,"column":0},"end":{"line":42,"column":49}},"42":{"start":{"line":43,"column":0},"end":{"line":43,"column":61}},"44":{"start":{"line":45,"column":0},"end":{"line":45,"column":123}},"45":{"start":{"line":46,"column":0},"end":{"line":46,"column":18}},"46":{"start":{"line":47,"column":0},"end":{"line":47,"column":14}},"47":{"start":{"line":48,"column":0},"end":{"line":48,"column":41}},"48":{"start":{"line":49,"column":0},"end":{"line":49,"column":41}},"49":{"start":{"line":50,"column":0},"end":{"line":50,"column":6}},"50":{"start":{"line":51,"column":0},"end":{"line":51,"column":5}},"52":{"start":{"line":53,"column":0},"end":{"line":53,"column":16}},"53":{"start":{"line":54,"column":0},"end":{"line":54,"column":48}},"54":{"start":{"line":55,"column":0},"end":{"line":55,"column":3}},"55":{"start":{"line":56,"column":0},"end":{"line":56,"column":32}},"56":{"start":{"line":57,"column":0},"end":{"line":57,"column":13}},"57":{"start":{"line":58,"column":0},"end":{"line":58,"column":1}},"59":{"start":{"line":60,"column":0},"end":{"line":60,"column":111}},"60":{"start":{"line":61,"column":0},"end":{"line":61,"column":59}},"62":{"start":{"line":63,"column":0},"end":{"line":63,"column":123}},"63":{"start":{"line":64,"column":0},"end":{"line":64,"column":19}},"64":{"start":{"line":65,"column":0},"end":{"line":65,"column":14}},"65":{"start":{"line":66,"column":0},"end":{"line":66,"column":41}},"66":{"start":{"line":67,"column":0},"end":{"line":67,"column":41}},"67":{"start":{"line":68,"column":0},"end":{"line":68,"column":6}},"68":{"start":{"line":69,"column":0},"end":{"line":69,"column":26}},"69":{"start":{"line":70,"column":0},"end":{"line":70,"column":18}},"70":{"start":{"line":71,"column":0},"end":{"line":71,"column":14}},"71":{"start":{"line":72,"column":0},"end":{"line":72,"column":12}},"72":{"start":{"line":73,"column":0},"end":{"line":73,"column":14}},"73":{"start":{"line":74,"column":0},"end":{"line":74,"column":7}},"74":{"start":{"line":75,"column":0},"end":{"line":75,"column":5}},"76":{"start":{"line":77,"column":0},"end":{"line":77,"column":16}},"77":{"start":{"line":78,"column":0},"end":{"line":78,"column":44}},"78":{"start":{"line":79,"column":0},"end":{"line":79,"column":3}},"79":{"start":{"line":80,"column":0},"end":{"line":80,"column":1}},"81":{"start":{"line":82,"column":0},"end":{"line":82,"column":99}},"82":{"start":{"line":83,"column":0},"end":{"line":83,"column":59}},"84":{"start":{"line":85,"column":0},"end":{"line":85,"column":123}},"85":{"start":{"line":86,"column":0},"end":{"line":86,"column":21}},"86":{"start":{"line":87,"column":0},"end":{"line":87,"column":14}},"87":{"start":{"line":88,"column":0},"end":{"line":88,"column":41}},"88":{"start":{"line":89,"column":0},"end":{"line":89,"column":41}},"89":{"start":{"line":90,"column":0},"end":{"line":90,"column":6}},"90":{"start":{"line":91,"column":0},"end":{"line":91,"column":26}},"91":{"start":{"line":92,"column":0},"end":{"line":92,"column":18}},"92":{"start":{"line":93,"column":0},"end":{"line":93,"column":14}},"93":{"start":{"line":94,"column":0},"end":{"line":94,"column":14}},"94":{"start":{"line":95,"column":0},"end":{"line":95,"column":7}},"95":{"start":{"line":96,"column":0},"end":{"line":96,"column":5}},"98":{"start":{"line":99,"column":0},"end":{"line":99,"column":16}},"99":{"start":{"line":100,"column":0},"end":{"line":100,"column":47}},"100":{"start":{"line":101,"column":0},"end":{"line":101,"column":3}},"101":{"start":{"line":102,"column":0},"end":{"line":102,"column":1}},"103":{"start":{"line":104,"column":0},"end":{"line":104,"column":8}},"104":{"start":{"line":105,"column":0},"end":{"line":105,"column":18}},"105":{"start":{"line":106,"column":0},"end":{"line":106,"column":14}},"106":{"start":{"line":107,"column":0},"end":{"line":107,"column":17}},"107":{"start":{"line":108,"column":0},"end":{"line":108,"column":1}},"108":{"start":{"line":109,"column":0},"end":{"line":109,"column":1}}},"s":{"1":1,"3":1,"9":1,"10":1,"11":1,"13":1,"14":1,"16":1,"18":1,"19":0,"20":0,"21":0,"22":0,"23":0,"24":0,"25":0,"26":0,"27":0,"28":0,"29":0,"30":0,"31":0,"33":1,"34":1,"35":1,"36":1,"38":1,"40":1,"41":44,"42":1,"44":1,"45":1,"46":1,"47":1,"48":1,"49":1,"50":1,"52":1,"53":0,"54":0,"55":1,"56":1,"57":1,"59":0,"60":0,"62":0,"63":0,"64":0,"65":0,"66":0,"67":0,"68":0,"69":0,"70":0,"71":0,"72":0,"73":0,"74":0,"76":0,"77":0,"78":0,"79":0,"81":0,"82":0,"84":0,"85":0,"86":0,"87":0,"88":0,"89":0,"90":0,"91":0,"92":0,"93":0,"94":0,"95":0,"98":0,"99":0,"100":0,"101":0,"103":44,"104":44,"105":44,"106":44,"107":44,"108":44},"branchMap":{"0":{"type":"branch","line":14,"loc":{"start":{"line":14,"column":7},"end":{"line":39,"column":1}},"locations":[{"start":{"line":14,"column":7},"end":{"line":39,"column":1}}]},"1":{"type":"branch","line":41,"loc":{"start":{"line":41,"column":7},"end":{"line":109,"column":1}},"locations":[{"start":{"line":41,"column":7},"end":{"line":109,"column":1}}]},"2":{"type":"branch","line":42,"loc":{"start":{"line":42,"column":2},"end":{"line":58,"column":1}},"locations":[{"start":{"line":42,"column":2},"end":{"line":58,"column":1}}]},"3":{"type":"branch","line":43,"loc":{"start":{"line":43,"column":53},"end":{"line":43,"column":61}},"locations":[{"start":{"line":43,"column":53},"end":{"line":43,"column":61}}]},"4":{"type":"branch","line":53,"loc":{"start":{"line":53,"column":15},"end":{"line":55,"column":3}},"locations":[{"start":{"line":53,"column":15},"end":{"line":55,"column":3}}]}},"b":{"0":[1],"1":[44],"2":[1],"3":[0],"4":[0]},"fnMap":{"0":{"name":"ScheduleProvider","decl":{"start":{"line":14,"column":7},"end":{"line":39,"column":1}},"loc":{"start":{"line":14,"column":7},"end":{"line":39,"column":1}},"line":14},"1":{"name":"addCourse","decl":{"start":{"line":19,"column":2},"end":{"line":32,"column":3}},"loc":{"start":{"line":19,"column":2},"end":{"line":32,"column":3}},"line":19},"2":{"name":"useSchedule","decl":{"start":{"line":41,"column":7},"end":{"line":109,"column":1}},"loc":{"start":{"line":41,"column":7},"end":{"line":109,"column":1}},"line":41},"3":{"name":"fetchSchedule","decl":{"start":{"line":42,"column":2},"end":{"line":58,"column":1}},"loc":{"start":{"line":42,"column":2},"end":{"line":58,"column":1}},"line":42},"4":{"name":"addCourse","decl":{"start":{"line":60,"column":0},"end":{"line":80,"column":1}},"loc":{"start":{"line":60,"column":0},"end":{"line":80,"column":1}},"line":60},"5":{"name":"removeCourse","decl":{"start":{"line":82,"column":0},"end":{"line":102,"column":1}},"loc":{"start":{"line":82,"column":0},"end":{"line":102,"column":1}},"line":82}},"f":{"0":1,"1":0,"2":44,"3":1,"4":0,"5":0}}
,"C:\\Users\\hello\\Desktop\\SwayamFolder\\WorkMaterial\\College\\Spring2025\\CSE115A\\EnrollSmart\\frontend\\src\\lib\\utils.ts": {"path":"C:\\Users\\hello\\Desktop\\SwayamFolder\\WorkMaterial\\College\\Spring2025\\CSE115A\\EnrollSmart\\frontend\\src\\lib\\utils.ts","all":false,"statementMap":{"0":{"start":{"line":1,"column":0},"end":{"line":1,"column":44}},"1":{"start":{"line":2,"column":0},"end":{"line":2,"column":40}},"3":{"start":{"line":4,"column":0},"end":{"line":4,"column":45}},"4":{"start":{"line":5,"column":0},"end":{"line":5,"column":30}},"5":{"start":{"line":6,"column":0},"end":{"line":6,"column":1}}},"s":{"0":1,"1":1,"3":1,"4":104,"5":104},"branchMap":{"0":{"type":"branch","line":4,"loc":{"start":{"line":4,"column":7},"end":{"line":6,"column":1}},"locations":[{"start":{"line":4,"column":7},"end":{"line":6,"column":1}}]}},"b":{"0":[104]},"fnMap":{"0":{"name":"cn","decl":{"start":{"line":4,"column":7},"end":{"line":6,"column":1}},"loc":{"start":{"line":4,"column":7},"end":{"line":6,"column":1}},"line":4}},"f":{"0":104}}
}
